Log file open, 01/21/17 10:36:43
LogInit:Display: Running engine for game: CosmicConductor
LogPlatformFile: Not using cached read wrapper
LogInit:Display: RandInit(-1654340106) SRandInit(-1654340106).
LogTaskGraph: Started task graph with 5 named threads and 8 total threads with 1 sets of task threads.
LogStats: Stats thread started at 0.073586
LogPluginManager: Loaded Plugin Paper2D, From D:/Epic Games/4.14/Engine/Plugins/2D/Paper2D/Paper2D.uplugin
LogPluginManager: Loaded Plugin LightPropagationVolume, From D:/Epic Games/4.14/Engine/Plugins/Blendables/LightPropagationVolume/LightPropagationVolume.uplugin
LogPluginManager: Loaded Plugin BlankPlugin, From D:/Epic Games/4.14/Engine/Plugins/Developer/BlankPlugin/BlankPlugin.uplugin
LogPluginManager: Loaded Plugin CodeLiteSourceCodeAccess, From D:/Epic Games/4.14/Engine/Plugins/Developer/CodeLiteSourceCodeAccess/CodeLiteSourceCodeAccess.uplugin
LogPluginManager: Loaded Plugin GitSourceControl, From D:/Epic Games/4.14/Engine/Plugins/Developer/GitSourceControl/GitSourceControl.uplugin
LogPluginManager: Loaded Plugin KDevelopSourceCodeAccess, From D:/Epic Games/4.14/Engine/Plugins/Developer/KDevelopSourceCodeAccess/KDevelopSourceCodeAccess.uplugin
LogPluginManager: Loaded Plugin NullSourceCodeAccess, From D:/Epic Games/4.14/Engine/Plugins/Developer/NullSourceCodeAccess/NullSourceCodeAccess.uplugin
LogPluginManager: Loaded Plugin OneSkyLocalizationService, From D:/Epic Games/4.14/Engine/Plugins/Developer/OneSkyLocalizationService/OneSkyLocalizationService.uplugin
LogPluginManager: Loaded Plugin PerforceSourceControl, From D:/Epic Games/4.14/Engine/Plugins/Developer/PerforceSourceControl/PerforceSourceControl.uplugin
LogPluginManager: Loaded Plugin SubversionSourceControl, From D:/Epic Games/4.14/Engine/Plugins/Developer/SubversionSourceControl/SubversionSourceControl.uplugin
LogPluginManager: Loaded Plugin UObjectPlugin, From D:/Epic Games/4.14/Engine/Plugins/Developer/UObjectPlugin/UObjectPlugin.uplugin
LogPluginManager: Loaded Plugin VisualStudioSourceCodeAccess, From D:/Epic Games/4.14/Engine/Plugins/Developer/VisualStudioSourceCodeAccess/VisualStudioSourceCodeAccess.uplugin
LogPluginManager: Loaded Plugin XCodeSourceCodeAccess, From D:/Epic Games/4.14/Engine/Plugins/Developer/XCodeSourceCodeAccess/XCodeSourceCodeAccess.uplugin
LogPluginManager: Loaded Plugin AudioCapture, From D:/Epic Games/4.14/Engine/Plugins/Editor/AudioCapture/AudioCapture.uplugin
LogPluginManager: Loaded Plugin EpicSurvey, From D:/Epic Games/4.14/Engine/Plugins/Editor/EpicSurvey/EpicSurvey.uplugin
LogPluginManager: Loaded Plugin MacGraphicsSwitching, From D:/Epic Games/4.14/Engine/Plugins/Editor/MacGraphicsSwitching/MacGraphicsSwitching.uplugin
LogPluginManager: Loaded Plugin MobileLauncherProfileWizard, From D:/Epic Games/4.14/Engine/Plugins/Editor/MobileLauncherProfileWizard/MobileLauncherProfileWizard.uplugin
LogPluginManager: Loaded Plugin PluginBrowser, From D:/Epic Games/4.14/Engine/Plugins/Editor/PluginBrowser/PluginBrowser.uplugin
LogPluginManager: Loaded Plugin SpeedTreeImporter, From D:/Epic Games/4.14/Engine/Plugins/Editor/SpeedTreeImporter/SpeedTreeImporter.uplugin
LogPluginManager: Loaded Plugin SuperSearchEditor, From D:/Epic Games/4.14/Engine/Plugins/Editor/SuperSearchEditor/SuperSearchEditor.uplugin
LogPluginManager: Loaded Plugin AlembicImporter, From D:/Epic Games/4.14/Engine/Plugins/Experimental/AlembicImporter/AlembicImporter.uplugin
LogPluginManager: Loaded Plugin BlueprintStats, From D:/Epic Games/4.14/Engine/Plugins/Experimental/BlueprintStats/BlueprintStats.uplugin
LogPluginManager: Loaded Plugin CharacterAI, From D:/Epic Games/4.14/Engine/Plugins/Experimental/CharacterAI/CharacterAI.uplugin
LogPluginManager: Loaded Plugin CodeEditor, From D:/Epic Games/4.14/Engine/Plugins/Experimental/CodeEditor/CodeEditor.uplugin
LogPluginManager: Loaded Plugin CodeView, From D:/Epic Games/4.14/Engine/Plugins/Experimental/CodeView/CodeView.uplugin
LogPluginManager: Loaded Plugin HTML5Networking, From D:/Epic Games/4.14/Engine/Plugins/Experimental/HTML5Networking/HTML5Networking.uplugin
LogPluginManager: Loaded Plugin OSVR, From D:/Epic Games/4.14/Engine/Plugins/Experimental/OSVR/OSVR.uplugin
LogPluginManager: Loaded Plugin Phya, From D:/Epic Games/4.14/Engine/Plugins/Experimental/Phya/Phya.uplugin
LogPluginManager: Loaded Plugin SignificanceManager, From D:/Epic Games/4.14/Engine/Plugins/Experimental/SignificanceManager/SignificanceManager.uplugin
LogPluginManager: Loaded Plugin SimpleHMD, From D:/Epic Games/4.14/Engine/Plugins/Experimental/SimpleHMD/SimpleHMD.uplugin
LogPluginManager: Loaded Plugin StereoPanorama, From D:/Epic Games/4.14/Engine/Plugins/Experimental/StereoPanorama/StereoPanorama.uplugin
LogPluginManager: Loaded Plugin StructBox, From D:/Epic Games/4.14/Engine/Plugins/Experimental/StructBox/StructBox.uplugin
LogPluginManager: Loaded Plugin AndroidMedia, From D:/Epic Games/4.14/Engine/Plugins/Media/AndroidMedia/AndroidMedia.uplugin
LogPluginManager: Loaded Plugin AvfMedia, From D:/Epic Games/4.14/Engine/Plugins/Media/AvfMedia/AvfMedia.uplugin
LogPluginManager: Loaded Plugin MediaPlayerEditor, From D:/Epic Games/4.14/Engine/Plugins/Media/MediaPlayerEditor/MediaPlayerEditor.uplugin
LogPluginManager: Loaded Plugin WmfMedia, From D:/Epic Games/4.14/Engine/Plugins/Media/WmfMedia/WmfMedia.uplugin
LogPluginManager: Loaded Plugin MessagingDebugger, From D:/Epic Games/4.14/Engine/Plugins/Messaging/MessagingDebugger/MessagingDebugger.uplugin
LogPluginManager: Loaded Plugin TcpMessaging, From D:/Epic Games/4.14/Engine/Plugins/Messaging/TcpMessaging/TcpMessaging.uplugin
LogPluginManager: Loaded Plugin UdpMessaging, From D:/Epic Games/4.14/Engine/Plugins/Messaging/UdpMessaging/UdpMessaging.uplugin
LogPluginManager: Loaded Plugin LevelSequenceEditor, From D:/Epic Games/4.14/Engine/Plugins/MovieScene/LevelSequenceEditor/LevelSequenceEditor.uplugin
LogPluginManager: Loaded Plugin MatineeToLevelSequence, From D:/Epic Games/4.14/Engine/Plugins/MovieScene/MatineeToLevelSequence/MatineeToLevelSequence.uplugin
LogPluginManager: Loaded Plugin NetcodeUnitTest, From D:/Epic Games/4.14/Engine/Plugins/NetcodeUnitTest/NetcodeUnitTest/NetcodeUnitTest.uplugin
LogPluginManager: Loaded Plugin NUTUnrealEngine4, From D:/Epic Games/4.14/Engine/Plugins/NetcodeUnitTest/NUTUnrealEngine4/NUTUnrealEngine4.uplugin
LogPluginManager: Loaded Plugin OnlineSubsystemGameCircle, From D:/Epic Games/4.14/Engine/Plugins/Online/Android/OnlineSubsystemGameCircle/OnlineSubsystemGameCircle.uplugin
LogPluginManager: Loaded Plugin OnlineSubsystemGooglePlay, From D:/Epic Games/4.14/Engine/Plugins/Online/Android/OnlineSubsystemGooglePlay/OnlineSubsystemGooglePlay.uplugin
LogPluginManager: Loaded Plugin OnlineSubsystemIOS, From D:/Epic Games/4.14/Engine/Plugins/Online/IOS/OnlineSubsystemIOS/OnlineSubsystemIOS.uplugin
LogPluginManager: Loaded Plugin OnlineFramework, From D:/Epic Games/4.14/Engine/Plugins/Online/OnlineFramework/OnlineFramework.uplugin
LogPluginManager: Loaded Plugin OnlineSubsystem, From D:/Epic Games/4.14/Engine/Plugins/Online/OnlineSubsystem/OnlineSubsystem.uplugin
LogPluginManager: Loaded Plugin OnlineSubsystemAmazon, From D:/Epic Games/4.14/Engine/Plugins/Online/OnlineSubsystemAmazon/OnlineSubsystemAmazon.uplugin
LogPluginManager: Loaded Plugin OnlineSubsystemFacebook, From D:/Epic Games/4.14/Engine/Plugins/Online/OnlineSubsystemFacebook/OnlineSubsystemFacebook.uplugin
LogPluginManager: Loaded Plugin OnlineSubsystemNull, From D:/Epic Games/4.14/Engine/Plugins/Online/OnlineSubsystemNull/OnlineSubsystemNull.uplugin
LogPluginManager: Loaded Plugin OnlineSubsystemOculus, From D:/Epic Games/4.14/Engine/Plugins/Online/OnlineSubsystemOculus/OnlineSubsystemOculus.uplugin
LogPluginManager: Loaded Plugin OnlineSubsystemSteam, From D:/Epic Games/4.14/Engine/Plugins/Online/OnlineSubsystemSteam/OnlineSubsystemSteam.uplugin
LogPluginManager: Loaded Plugin OnlineSubsystemUtils, From D:/Epic Games/4.14/Engine/Plugins/Online/OnlineSubsystemUtils/OnlineSubsystemUtils.uplugin
LogPluginManager: Loaded Plugin IOSTapJoy, From D:/Epic Games/4.14/Engine/Plugins/Runtime/Advertising/IOSTapJoy/IOSTapJoy.uplugin
LogPluginManager: Loaded Plugin AnalyticsBlueprintLibrary, From D:/Epic Games/4.14/Engine/Plugins/Runtime/Analytics/AnalyticsBlueprintLibrary/AnalyticsBlueprintLibrary.uplugin
LogPluginManager: Loaded Plugin AnalyticsMulticast, From D:/Epic Games/4.14/Engine/Plugins/Runtime/Analytics/AnalyticsMulticast/AnalyticsMulticast.uplugin
LogPluginManager: Loaded Plugin Apsalar, From D:/Epic Games/4.14/Engine/Plugins/Runtime/Analytics/Apsalar/Apsalar.uplugin
LogPluginManager: Loaded Plugin FileLogging, From D:/Epic Games/4.14/Engine/Plugins/Runtime/Analytics/FileLogging/FileLogging.uplugin
LogPluginManager: Loaded Plugin Flurry, From D:/Epic Games/4.14/Engine/Plugins/Runtime/Analytics/Flurry/Flurry.uplugin
LogPluginManager: Loaded Plugin AndroidDeviceProfileSelector, From D:/Epic Games/4.14/Engine/Plugins/Runtime/AndroidDeviceProfileSelector/AndroidDeviceProfileSelector.uplugin
LogPluginManager: Loaded Plugin AndroidMoviePlayer, From D:/Epic Games/4.14/Engine/Plugins/Runtime/AndroidMoviePlayer/AndroidMoviePlayer.uplugin
LogPluginManager: Loaded Plugin AppleMoviePlayer, From D:/Epic Games/4.14/Engine/Plugins/Runtime/AppleMoviePlayer/AppleMoviePlayer.uplugin
LogPluginManager: Loaded Plugin ArchVisCharacter, From D:/Epic Games/4.14/Engine/Plugins/Runtime/ArchVisCharacter/ArchVisCharacter.uplugin
LogPluginManager: Loaded Plugin CableComponent, From D:/Epic Games/4.14/Engine/Plugins/Runtime/CableComponent/CableComponent.uplugin
LogPluginManager: Loaded Plugin CustomMeshComponent, From D:/Epic Games/4.14/Engine/Plugins/Runtime/CustomMeshComponent/CustomMeshComponent.uplugin
LogPluginManager: Loaded Plugin ExampleDeviceProfileSelector, From D:/Epic Games/4.14/Engine/Plugins/Runtime/ExampleDeviceProfileSelector/ExampleDeviceProfileSelector.uplugin
LogPluginManager: Loaded Plugin GearVR, From D:/Epic Games/4.14/Engine/Plugins/Runtime/GearVR/GearVR.uplugin
LogPluginManager: Loaded Plugin GoogleVRController, From D:/Epic Games/4.14/Engine/Plugins/Runtime/GoogleVR/GoogleVRController/GoogleVRController.uplugin
LogPluginManager: Loaded Plugin GoogleVRHMD, From D:/Epic Games/4.14/Engine/Plugins/Runtime/GoogleVR/GoogleVRHMD/GoogleVRHMD.uplugin
LogPluginManager: Loaded Plugin IOSDeviceProfileSelector, From D:/Epic Games/4.14/Engine/Plugins/Runtime/IOSDeviceProfileSelector/IOSDeviceProfileSelector.uplugin
LogPluginManager: Loaded Plugin LeapMotion, From D:/Epic Games/4.14/Engine/Plugins/Runtime/LeapMotion/LeapMotion.uplugin
LogPluginManager: Loaded Plugin LinuxDeviceProfileSelector, From D:/Epic Games/4.14/Engine/Plugins/Runtime/LinuxDeviceProfileSelector/LinuxDeviceProfileSelector.uplugin
LogPluginManager: Loaded Plugin MIDIDevice, From D:/Epic Games/4.14/Engine/Plugins/Runtime/MIDIDevice/MIDIDevice.uplugin
LogPluginManager: Loaded Plugin MobilePatchingUtils, From D:/Epic Games/4.14/Engine/Plugins/Runtime/MobilePatchingUtils/MobilePatchingUtils.uplugin
LogPluginManager: Loaded Plugin Ansel, From D:/Epic Games/4.14/Engine/Plugins/Runtime/Nvidia/Ansel/Ansel.uplugin
LogPluginManager: Loaded Plugin OculusAudio, From D:/Epic Games/4.14/Engine/Plugins/Runtime/OculusAudio/OculusAudio.uplugin
LogPluginManager: Loaded Plugin OculusInput, From D:/Epic Games/4.14/Engine/Plugins/Runtime/OculusInput/OculusInput.uplugin
LogPluginManager: Loaded Plugin OculusLibrary, From D:/Epic Games/4.14/Engine/Plugins/Runtime/OculusLibrary/OculusLibrary.uplugin
LogPluginManager: Loaded Plugin OculusRift, From D:/Epic Games/4.14/Engine/Plugins/Runtime/OculusRift/OculusRift.uplugin
LogPluginManager: Loaded Plugin Oodle, From D:/Epic Games/4.14/Engine/Plugins/Runtime/PacketHandlers/CompressionComponents/Oodle/Oodle.uplugin
LogPluginManager: Loaded Plugin ProceduralMeshComponent, From D:/Epic Games/4.14/Engine/Plugins/Runtime/ProceduralMeshComponent/ProceduralMeshComponent.uplugin
LogPluginManager: Loaded Plugin SoundMod, From D:/Epic Games/4.14/Engine/Plugins/Runtime/SoundMod/SoundMod.uplugin
LogPluginManager: Loaded Plugin SoundVisualizations, From D:/Epic Games/4.14/Engine/Plugins/Runtime/SoundVisualizations/SoundVisualizations.uplugin
LogPluginManager: Loaded Plugin SteamController, From D:/Epic Games/4.14/Engine/Plugins/Runtime/Steam/SteamController/SteamController.uplugin
LogPluginManager: Loaded Plugin SteamVR, From D:/Epic Games/4.14/Engine/Plugins/Runtime/Steam/SteamVR/SteamVR.uplugin
LogPluginManager: Loaded Plugin WebBrowserWidget, From D:/Epic Games/4.14/Engine/Plugins/Runtime/WebBrowserWidget/WebBrowserWidget.uplugin
LogPluginManager: Loaded Plugin WindowsDeviceProfileSelector, From D:/Epic Games/4.14/Engine/Plugins/Runtime/WindowsDeviceProfileSelector/WindowsDeviceProfileSelector.uplugin
LogPluginManager: Loaded Plugin WindowsMoviePlayer, From D:/Epic Games/4.14/Engine/Plugins/Runtime/WindowsMoviePlayer/WindowsMoviePlayer.uplugin
LogPluginManager: Loaded Plugin ScriptPlugin, From D:/Epic Games/4.14/Engine/Plugins/ScriptPlugin/ScriptPlugin.uplugin
LogPluginManager: Loaded Plugin SlateRemote, From D:/Epic Games/4.14/Engine/Plugins/Slate/SlateRemote/SlateRemote.uplugin
LogPluginManager: Loaded Plugin EditorTests, From D:/Epic Games/4.14/Engine/Plugins/Tests/EditorTests/EditorTests.uplugin
LogPluginManager: Loaded Plugin FbxAutomationTestBuilder, From D:/Epic Games/4.14/Engine/Plugins/Tests/FbxAutomationTestBuilder/FbxAutomationTestBuilder.uplugin
LogPluginManager: Loaded Plugin FunctionalTestingEditor, From D:/Epic Games/4.14/Engine/Plugins/Tests/FunctionalTestingEditor/FunctionalTestingEditor.uplugin
LogPluginManager: Loaded Plugin RuntimeTests, From D:/Epic Games/4.14/Engine/Plugins/Tests/RuntimeTests/RuntimeTests.uplugin
LogPluginManager: Loaded Plugin ScreenshotTools, From D:/Epic Games/4.14/Engine/Plugins/Tests/ScreenshotTools/ScreenshotTools.uplugin
LogInit: Using libcurl 7.47.1
LogInit:  - built for x86_64-pc-win32
LogInit:  - supports SSL with OpenSSL/1.0.2g
LogInit:  - supports HTTP deflate (compression) using libz 1.2.8
LogInit:  - other features:
LogInit:      CURL_VERSION_SSL
LogInit:      CURL_VERSION_LIBZ
LogInit:      CURL_VERSION_IPV6
LogInit:      CURL_VERSION_ASYNCHDNS
LogInit:      CURL_VERSION_LARGEFILE
LogInit:      CURL_VERSION_IDN
LogInit:  CurlRequestOptions (configurable via config and command line):
LogInit:  - bVerifyPeer = false  - Libcurl will NOT verify peer certificate
LogInit:  - bUseHttpProxy = false  - Libcurl will NOT use HTTP proxy
LogInit:  - bDontReuseConnections = false  - Libcurl will reuse connections
LogInit:  - CertBundlePath = nullptr  - Libcurl will use whatever was configured at build time.
LogInit: Build: ++UE4+Release-4.14-CL-3249277
LogInit: Engine Version: 4.14.3-3249277+++UE4+Release-4.14
LogInit: Compatible Engine Version: 4.14.0-3195953+++UE4+Release-4.14
LogInit: Net CL: 3195953
LogDevObjectVersion: Number of dev versions registered: 13
LogDevObjectVersion:   Dev-Blueprints (B0D832E4-1F89-4F0D-ACCF-7EB736FD4AA2): 7
LogDevObjectVersion:   Dev-Build (E1C64328-A22C-4D53-A36C-8E866417BD8C): 0
LogDevObjectVersion:   Dev-Core (375EC13C-06E4-48FB-B500-84F0262A717E): 1
LogDevObjectVersion:   Dev-Editor (E4B068ED-F494-42E9-A231-DA0B2E46BB41): 8
LogDevObjectVersion:   Dev-Framework (CFFC743F-43B0-4480-9391-14DF171D2073): 17
LogDevObjectVersion:   Dev-Mobile (B02B49B5-BB20-44E9-A304-32B752E40360): 0
LogDevObjectVersion:   Dev-Networking (A4E4105C-59A1-49B5-A7C5-40C4547EDFEE): 0
LogDevObjectVersion:   Dev-Online (39C831C9-5AE6-47DC-9A44-9C173E1C8E7C): 0
LogDevObjectVersion:   Dev-Physics (78F01B33-EBEA-4F98-B9B4-84EACCB95AA2): 0
LogDevObjectVersion:   Dev-Platform (6631380F-2D4D-43E0-8009-CF276956A95A): 0
LogDevObjectVersion:   Dev-Rendering (12F88B9F-8875-4AFC-A67C-D90C383ABD29): 12
LogDevObjectVersion:   Dev-Sequencer (7B5AE74C-D270-4C10-A958-57980B212A5A): 1
LogDevObjectVersion:   Dev-VR (D7296918-1DD6-4BDD-9DE2-64A83CC13884): 0
LogInit: Compiled (64-bit): Jan  6 2017 10:49:43
LogInit: Compiled with Visual C++: 19.00.23026.00
LogInit: Build Configuration: Development
LogInit: Branch Name: ++UE4+Release-4.14
LogInit: Command line:  
LogInit: Base directory: D:/Epic Games/4.14/Engine/Binaries/Win64/
LogInit: Installed Engine Build: 1
LogInit: Presizing for max 8388607 objects, including 0 objects not considered by GC, pre-allocating 0 bytes for permanent pool.
LogInit: Object subsystem initialized
[2017.01.21-08.36.43:543][  0]LogConsoleManager:Display: Setting the console variable 'r.RHICmdBypass' with 'SetByProjectSetting' was ignored as it is lower priority than the previous 'SetBySystemSettingsIni'
[2017.01.21-08.36.43:545][  0]LogInit: Selected Device Profile: [Windows]
[2017.01.21-08.36.43:545][  0]LogInit: Applying CVar settings loaded from the selected device profile: [Windows]
[2017.01.21-08.36.43:555][  0]LogInit: Computer: LAP0071
[2017.01.21-08.36.43:555][  0]LogInit: User: gerards
[2017.01.21-08.36.43:555][  0]LogInit: CPU Page size=65536, Cores=4
[2017.01.21-08.36.43:555][  0]LogInit: High frequency timer resolution =2.435777 MHz
[2017.01.21-08.36.43:555][  0]LogMemory: Memory total: Physical=16.0GB (16GB approx)
[2017.01.21-08.36.43:555][  0]LogMemory: Platform Memory Stats for Windows
[2017.01.21-08.36.43:555][  0]LogMemory: Process Physical Memory: 265.52 MB used, 265.52 MB peak
[2017.01.21-08.36.43:555][  0]LogMemory: Process Virtual Memory: 263.50 MB used, 263.50 MB peak
[2017.01.21-08.36.43:555][  0]LogMemory: Physical Memory: 6424.45 MB used,  9911.46 MB free, 16335.91 MB total
[2017.01.21-08.36.43:555][  0]LogMemory: Virtual Memory: 687.94 MB used,  9911.46 MB free, 134217728.00 MB total
[2017.01.21-08.36.43:581][  0]LogTextLocalizationManager: No specific translations for ('en-US') exist, so ('en') translations will be used.
[2017.01.21-08.36.44:104][  0]LogD3D11RHI: D3D11 adapters:
[2017.01.21-08.36.44:134][  0]LogD3D11RHI:    0. 'NVIDIA GeForce GTX 970M' (Feature Level 11_0)
[2017.01.21-08.36.44:134][  0]LogD3D11RHI:       5877/0/8167 MB DedicatedVideo/DedicatedSystem/SharedSystem, Outputs:1, VendorId:0x10de
[2017.01.21-08.36.44:135][  0]LogD3D11RHI:    1. 'Microsoft Basic Render Driver' (Feature Level 11_0)
[2017.01.21-08.36.44:135][  0]LogD3D11RHI:       0/0/8167 MB DedicatedVideo/DedicatedSystem/SharedSystem, Outputs:0, VendorId:0x1414
[2017.01.21-08.36.44:135][  0]LogD3D11RHI: Chosen D3D11 Adapter: 0
[2017.01.21-08.36.44:139][  0]LogD3D11RHI: Creating new Direct3DDevice
[2017.01.21-08.36.44:139][  0]LogD3D11RHI:     GPU DeviceId: 0x13d8 (for the marketing name, search the web for "GPU Device Id")
[2017.01.21-08.36.44:139][  0]LogWindows: EnumDisplayDevices:
[2017.01.21-08.36.44:139][  0]LogWindows:    0. 'NVIDIA GeForce GTX 970M' (P:1 D:1)
[2017.01.21-08.36.44:139][  0]LogWindows:    1. 'NVIDIA GeForce GTX 970M' (P:0 D:0)
[2017.01.21-08.36.44:139][  0]LogWindows:    2. 'NVIDIA GeForce GTX 970M' (P:0 D:0)
[2017.01.21-08.36.44:139][  0]LogWindows:    3. 'NVIDIA GeForce GTX 970M' (P:0 D:0)
[2017.01.21-08.36.44:139][  0]LogWindows: DebugString: FoundDriverCount:4 
[2017.01.21-08.36.44:139][  0]LogD3D11RHI:     Adapter Name: NVIDIA GeForce GTX 970M
[2017.01.21-08.36.44:139][  0]LogD3D11RHI:   Driver Version: 376.33 (internal:21.21.13.7633, unified:376.33)
[2017.01.21-08.36.44:139][  0]LogD3D11RHI:      Driver Date: 12-11-2016
[2017.01.21-08.36.44:139][  0]LogRHI: Texture pool is 1361 MB (70% of 1945 MB)
[2017.01.21-08.36.44:155][  0]LogD3D11RHI: Async texture creation enabled
[2017.01.21-08.36.44:170][  0]LogD3D11RHI: GPU Timing Frequency: 1000.000000 (Debug: 2 2)
[2017.01.21-08.36.44:170][  0]LogShaderCompilers: Guid format shader working directory is -18 characters bigger than the processId version (C:/Users/gerards/Documents/GitHub/CosmicConductor/CosmicConductor/Intermediate/Shaders/WorkingDirectory/14504/).
[2017.01.21-08.36.44:170][  0]LogShaderCompilers: Cleaned the shader compiler working directory 'C:/Users/gerards/AppData/Local/Temp/UnrealShaderWorkingDir/F805BBDA438ED90BA60DD5A579EF897E/'.
[2017.01.21-08.36.44:170][  0]LogShaderCompilers:Display: Using Local Shader Compiler.
[2017.01.21-08.36.45:073][  0]LogTemp:Display: Loaded TP AllDesktopTargetPlatform
[2017.01.21-08.36.45:112][  0]LogTemp:Display: Loaded TP MacClientTargetPlatform
[2017.01.21-08.36.45:151][  0]LogTemp:Display: Loaded TP MacNoEditorTargetPlatform
[2017.01.21-08.36.45:191][  0]LogTemp:Display: Loaded TP MacServerTargetPlatform
[2017.01.21-08.36.45:233][  0]LogTemp:Display: Loaded TP MacTargetPlatform
[2017.01.21-08.36.45:273][  0]LogTemp:Display: Loaded TP WindowsClientTargetPlatform
[2017.01.21-08.36.45:314][  0]LogTemp:Display: Loaded TP WindowsNoEditorTargetPlatform
[2017.01.21-08.36.45:353][  0]LogTemp:Display: Loaded TP WindowsServerTargetPlatform
[2017.01.21-08.36.45:384][  0]LogTemp:Display: Loaded TP WindowsTargetPlatform
[2017.01.21-08.36.45:426][  0]LogTemp:Display: Loaded TP AndroidTargetPlatform
[2017.01.21-08.36.45:464][  0]LogTemp:Display: Loaded TP Android_ASTCTargetPlatform
[2017.01.21-08.36.45:502][  0]LogTemp:Display: Loaded TP Android_ATCTargetPlatform
[2017.01.21-08.36.45:542][  0]LogTemp:Display: Loaded TP Android_DXTTargetPlatform
[2017.01.21-08.36.45:581][  0]LogTemp:Display: Loaded TP Android_ETC1TargetPlatform
[2017.01.21-08.36.45:620][  0]LogTemp:Display: Loaded TP Android_ETC2TargetPlatform
[2017.01.21-08.36.45:698][  0]LogTemp:Display: Loaded TP Android_MultiTargetPlatform
[2017.01.21-08.36.45:698][  0]LogTemp:Display: Loaded TP Android_PVRTCTargetPlatform
[2017.01.21-08.36.45:721][  0]LogTemp:Display: Loaded TP HTML5TargetPlatform
[2017.01.21-08.36.45:785][  0]LogTemp:Display: Loaded TP IOSTargetPlatform
[2017.01.21-08.36.45:811][  0]LogTemp:Display: Loaded TP TVOSTargetPlatform
[2017.01.21-08.36.45:849][  0]LogTemp:Display: Loaded TP LinuxClientTargetPlatform
[2017.01.21-08.36.45:888][  0]LogTemp:Display: Loaded TP LinuxNoEditorTargetPlatform
[2017.01.21-08.36.45:928][  0]LogTemp:Display: Loaded TP LinuxServerTargetPlatform
[2017.01.21-08.36.45:965][  0]LogTemp:Display: Loaded TP LinuxTargetPlatform
[2017.01.21-08.36.45:965][  0]LogTargetPlatformManager:Display: Building Assets For Windows
[2017.01.21-08.36.46:223][  0]LogDerivedDataCache:Display: Max Cache Size: 512 MB
[2017.01.21-08.36.46:268][  0]LogDerivedDataCache: Loaded boot cache 0.04s 51MB C:/Users/gerards/AppData/Local/UnrealEngine/4.14/DerivedDataCache/Boot.ddc.
[2017.01.21-08.36.46:268][  0]LogDerivedDataCache:Display: Loaded Boot cache: C:/Users/gerards/AppData/Local/UnrealEngine/4.14/DerivedDataCache/Boot.ddc
[2017.01.21-08.36.46:268][  0]LogDerivedDataCache: FDerivedDataBackendGraph:  Pak pak cache file C:/Users/gerards/Documents/GitHub/CosmicConductor/CosmicConductor/DerivedDataCache/DDC.ddp not found, will not use a pak cache.
[2017.01.21-08.36.46:268][  0]LogDerivedDataCache: Unable to find inner node Pak for hierarchical cache Hierarchy.
[2017.01.21-08.36.46:268][  0]LogDerivedDataCache: FDerivedDataBackendGraph:  CompressedPak pak cache file C:/Users/gerards/Documents/GitHub/CosmicConductor/CosmicConductor/DerivedDataCache/Compressed.ddp not found, will not use a pak cache.
[2017.01.21-08.36.46:268][  0]LogDerivedDataCache: Unable to find inner node CompressedPak for hierarchical cache Hierarchy.
[2017.01.21-08.36.46:283][  0]LogDerivedDataCache:Display: Pak cache opened for reading ../../../Engine/DerivedDataCache/Compressed.ddp.
[2017.01.21-08.36.46:295][  0]LogDerivedDataCache: Using Local data cache path C:/Users/gerards/AppData/Local/UnrealEngine/Common/DerivedDataCache: Writable
[2017.01.21-08.36.46:459][  0]LogInit: Selected Device Profile: [Windows]
[2017.01.21-08.36.46:461][  0]LogContentStreaming: Texture pool size is 0.00 MB
[2017.01.21-08.36.46:622][  0]LogMeshUtilities: Using QuadricMeshReduction for automatic static mesh reduction
[2017.01.21-08.36.46:648][  0]LogSimplygon: Simplygon DLL not present - disabling.
[2017.01.21-08.36.46:678][  0]LogMeshUtilities: Using SimplygonSwarm for distributed automatic mesh merging
[2017.01.21-08.36.46:678][  0]LogMeshUtilities: No automatic skeletal mesh reduction module available
[2017.01.21-08.36.46:678][  0]LogMeshUtilities: No automatic mesh merging module available
[2017.01.21-08.36.47:063][  0]LogNetVersion: GetLocalNetworkVersion: CL: 3195953, ProjectName: cosmicconductor, ProjectVersion: , EngineNetworkVersion: 2, GameNetworkVersion: 0, NetworkChecksum: 3814276629
[2017.01.21-08.36.47:108][  0]LogAssetRegistry: FAssetRegistry took 0.0213 seconds to start up
[2017.01.21-08.36.47:140][  0]LogPackageLocalizationCache: Processed 3 localized package path(s) for 2 prioritized culture(s) in 0.017593 seconds
[2017.01.21-08.36.47:144][  0]LogUObjectArray: 31946 objects as part of root set at end of initial load.
[2017.01.21-08.36.47:144][  0]LogUObjectAllocator: 6935848 out of 0 bytes used by permanent object pool.
[2017.01.21-08.36.47:144][  0]LogUObjectArray: CloseDisregardForGC: 0/0 objects in disregard for GC pool
[2017.01.21-08.36.47:182][  0]LogInit: WinSock: version 1.1 (2.2), MaxSocks=32767, MaxUdp=65467
[2017.01.21-08.36.47:638][  0]LogSlate: Using Freetype 2.6.0
[2017.01.21-08.36.47:638][  0]LogSlate: SlateFontCache - WITH_FREETYPE: 1, WITH_HARFBUZZ: 1
[2017.01.21-08.36.47:638][  0]LogSlate: SlateFontCache - WITH_FREETYPE: 1, WITH_HARFBUZZ: 1
[2017.01.21-08.36.48:271][  0]LogTcpMessaging: Initializing TcpMessaging bridge
[2017.01.21-08.36.48:299][  0]LogUdpMessaging: Initializing bridge on interface 0.0.0.0:0 to multicast group 230.0.0.1:6666.
[2017.01.21-08.36.48:518][  0]LogMaterial: Uniform references updated for custom material expression Custom.
[2017.01.21-08.36.48:768][  0]SourceControl: Info Source control is disabled
[2017.01.21-08.36.49:843][  0]LogEngine: Initializing Engine...
[2017.01.21-08.36.49:865][  0]LogHMD: SteamVR initialized.  Driver: lighthouse  Display: LHR-0EE66119
[2017.01.21-08.36.50:045][  0]LogAIModule: Creating AISystem for world Untitled
[2017.01.21-08.36.50:057][  0]LogInit: XAudio2 using 'Speakers (Realtek High Definition Audio)' : 2 channels at 48 kHz using 32 bits per sample (channel mask 0x3)
[2017.01.21-08.36.50:067][  0]LogInit: FAudioDevice initialized.
[2017.01.21-08.36.50:088][  0]LogDerivedDataCache: Saved boot cache 0.02s 51MB C:/Users/gerards/AppData/Local/UnrealEngine/4.14/DerivedDataCache/Boot.ddc.
[2017.01.21-08.36.50:094][  0]LogInit: Texture streaming: Enabled
[2017.01.21-08.36.50:215][  0]LogInit: Transaction tracking system initialized
[2017.01.21-08.36.50:432][  0]BlueprintLog: New page: Editor Load
[2017.01.21-08.36.50:978][  0]LocalizationService: Info Localization service is disabled
[2017.01.21-08.36.51:381][  0]LogConsoleResponse:Display: 
[2017.01.21-08.36.51:489][  0]LogCook:Display: Max memory allowance for cook 16384mb min free memory 0mb
[2017.01.21-08.36.51:489][  0]LogCook:Display: Mobile HDR setting 1
[2017.01.21-08.36.51:797][  0]LogFileCache: Scanning file cache for directory 'C:/Users/gerards/Documents/GitHub/CosmicConductor/CosmicConductor/Content/' took 0.01s
[2017.01.21-08.36.52:151][  0]Cmd: MAP LOAD FILE="C:/Users/gerards/Documents/GitHub/CosmicConductor/CosmicConductor/Content/VirtualRealityBP/Maps/StartupMap.umap" TEMPLATE=0 SHOWPROGRESS=1 FEATURELEVEL=3
[2017.01.21-08.36.52:151][  0]LightingResults: New page: Lighting Build
[2017.01.21-08.36.52:176][  0]MapCheck: New page: Map Check
[2017.01.21-08.36.52:176][  0]LightingResults: New page: Lighting Build
[2017.01.21-08.36.52:234][  0]LogAIModule: Creating AISystem for world StartupMap
[2017.01.21-08.36.52:239][  0]LogEditorServer: Finished looking for orphan Actors (0.000 secs)
[2017.01.21-08.36.52:240][  0]Cmd: MAP CHECKDEP NOCLEARLOG
[2017.01.21-08.36.52:268][  0]MapCheck: Info Map check complete: 0 Error(s), 0 Warning(s), took 28.545ms to complete.
[2017.01.21-08.36.52:268][  0]LogFileHelpers: Loading map 'StartupMap' took 0.118
[2017.01.21-08.36.52:328][  0]LogWindowsTextInputMethodSystem:Display: IME system now deactivated.
[2017.01.21-08.36.52:389][  0]LogCollectionManager: Loaded 0 collections in 0.001118 seconds
[2017.01.21-08.36.52:449][  0]LogFileCache: Scanning file cache for directory 'C:/Users/gerards/Documents/GitHub/CosmicConductor/CosmicConductor/Saved/Collections/' took 0.01s
[2017.01.21-08.36.52:449][  0]LogFileCache: Scanning file cache for directory 'C:/Users/gerards/Documents/GitHub/CosmicConductor/CosmicConductor/Content/Developers/gerards/Collections/' took 0.01s
[2017.01.21-08.36.52:449][  0]LogFileCache: Scanning file cache for directory 'C:/Users/gerards/Documents/GitHub/CosmicConductor/CosmicConductor/Content/Collections/' took 0.01s
[2017.01.21-08.36.52:449][  0]LogCollectionManager: Rebuilt the GUID cache for 0 collections in 0.000002 seconds
[2017.01.21-08.36.52:457][  0]LogContentBrowser: Native class hierarchy populated in 0.0076 seconds. Added 2190 classes and 428 folders.
[2017.01.21-08.36.52:482][  0]LogStats: UGameplayTagsManager::ConstructGameplayTagTree: Construct from data asset -  0.000 s
[2017.01.21-08.36.52:482][  0]LogStats: UGameplayTagsManager::ConstructGameplayTagTree: GameplayTagTreeChangedEvent.Broadcast -  0.000 s
[2017.01.21-08.36.52:483][  0]LogContentBrowser: Native class hierarchy updated for 'GameplayTags' in 0.0005 seconds. Added 13 classes and 0 folders.
[2017.01.21-08.36.52:520][  0]LogContentBrowser: Native class hierarchy updated for 'WidgetCarousel' in 0.0004 seconds. Added 0 classes and 0 folders.
[2017.01.21-08.36.52:544][  0]LogContentBrowser: Native class hierarchy updated for 'AddContentDialog' in 0.0004 seconds. Added 0 classes and 0 folders.
[2017.01.21-08.36.52:572][  0]LogContentBrowser: Native class hierarchy updated for 'SceneOutliner' in 0.0004 seconds. Added 1 classes and 2 folders.
[2017.01.21-08.36.52:601][  0]LogCrashTracker: Crashtracker disabled due to settings.
[2017.01.21-08.36.52:605][  0]LogUObjectGlobals:Warning: Failed to find object 'Class None.'
[2017.01.21-08.36.52:657][  0]LogContentBrowser: Native class hierarchy updated for 'HierarchicalLODOutliner' in 0.0004 seconds. Added 1 classes and 2 folders.
[2017.01.21-08.36.52:657][  0]LogLoad: (Engine Initialization) Total time: 10.23 seconds
[2017.01.21-08.36.52:657][  0]LogLoad: (Engine Initialization) Total Blueprint compile time: 0.03 seconds
[2017.01.21-08.36.52:657][  0]LogExternalProfiler: Found external profiler: VSPerf
[2017.01.21-08.36.52:657][  0]LogExternalProfiler: Using external profiler: VSPerf
[2017.01.21-08.36.52:674][  0]LogOcInput: OculusInput pre-init called
[2017.01.21-08.36.52:685][  0]LogOcInput: OculusInput is initialized. Init status -3023. Runtime version: (Unable to load LibOVR)
[2017.01.21-08.36.52:703][  0]SourceControl: Info On branch master
[2017.01.21-08.36.52:703][  0]SourceControl: Info Your branch is up-to-date with 'origin/master'.
[2017.01.21-08.36.52:703][  0]SourceControl: Info Changes to be committed:
[2017.01.21-08.36.52:703][  0]SourceControl: Info   (use "git reset HEAD <file>..." to unstage)
[2017.01.21-08.36.52:703][  0]SourceControl: Info 	new file:   CosmicConductor/Content/ConductorPlayer/Baton.uasset
[2017.01.21-08.36.52:703][  0]SourceControl: Info 	new file:   CosmicConductor/Content/ConductorPlayer/MotionControllerMap.umap
[2017.01.21-08.36.52:703][  0]SourceControl: Info 	new file:   CosmicConductor/Content/ConductorPlayer/baton2.uasset
[2017.01.21-08.36.52:703][  0]SourceControl: Info 	new file:   CosmicConductor/Content/ConductorPlayer/palette.uasset
[2017.01.21-08.36.52:703][  0]SourceControl: Info Changes not staged for commit:
[2017.01.21-08.36.52:703][  0]SourceControl: Info   (use "git add/rm <file>..." to update what will be committed)
[2017.01.21-08.36.52:703][  0]SourceControl: Info   (use "git checkout -- <file>..." to discard changes in working directory)
[2017.01.21-08.36.52:703][  0]SourceControl: Info 	modified:   .gitignore
[2017.01.21-08.36.52:703][  0]SourceControl: Info 	modified:   CosmicConductor/Content/ConductorPlayer/Baton.uasset
[2017.01.21-08.36.52:703][  0]SourceControl: Info 	deleted:    CosmicConductor/Content/ConductorPlayer/MotionControllerMap.umap
[2017.01.21-08.36.52:703][  0]SourceControl: Info 	modified:   CosmicConductor/Content/VirtualRealityBP/Blueprints/BP_MotionController.uasset
[2017.01.21-08.36.52:703][  0]SourceControl: Info 	modified:   CosmicConductor/Content/VirtualRealityBP/Blueprints/MotionControllerPawn.uasset
[2017.01.21-08.36.52:703][  0]SourceControl: Info 	modified:   CosmicConductor/Content/VirtualRealityBP/Maps/MotionControllerMap.umap
[2017.01.21-08.36.52:703][  0]SourceControl: Info 	modified:   CosmicConductor/Content/VirtualRealityBP/Maps/MotionControllerMap_BuiltData.uasset
[2017.01.21-08.36.52:703][  0]SourceControl: Info 	modified:   CosmicConductor/Content/VirtualRealityBP/Maps/StartupMap.umap
[2017.01.21-08.36.52:703][  0]SourceControl: Info 	modified:   CosmicConductor/Content/VirtualRealityBP/Maps/StartupMap_BuiltData.uasset
[2017.01.21-08.36.52:703][  0]SourceControl: Info 	modified:   CosmicConductor/Intermediate/CachedAssetRegistry.bin
[2017.01.21-08.36.52:703][  0]SourceControl: Info 	modified:   CosmicConductor/Intermediate/Config/CoalescedSourceConfigs/Editor.ini
[2017.01.21-08.36.52:703][  0]SourceControl: Info 	modified:   CosmicConductor/Saved/Config/Windows/Editor.ini
[2017.01.21-08.36.52:703][  0]SourceControl: Info 	modified:   CosmicConductor/Saved/Config/Windows/EditorPerProjectUserSettings.ini
[2017.01.21-08.36.52:703][  0]SourceControl: Info 	modified:   CosmicConductor/Saved/Config/Windows/Engine.ini
[2017.01.21-08.36.52:703][  0]SourceControl: Info 	modified:   CosmicConductor/Saved/Config/Windows/SourceControlSettings.ini
[2017.01.21-08.36.52:703][  0]SourceControl: Info 	modified:   CosmicConductor/Saved/Logs/CosmicConductor.log
[2017.01.21-08.36.52:703][  0]SourceControl: Info 	modified:   UE4.gitignore
[2017.01.21-08.36.52:703][  0]SourceControl: Info Untracked files:
[2017.01.21-08.36.52:703][  0]SourceControl: Info   (use "git add <file>..." to include in what will be committed)
[2017.01.21-08.36.52:703][  0]SourceControl: Info 	CosmicConductor/Config/DefaultEditor.ini
[2017.01.21-08.36.52:703][  0]SourceControl: Info 	CosmicConductor/Intermediate/AssetRegistryCache/1d5167fa.bin
[2017.01.21-08.36.52:703][  0]SourceControl: Info 	CosmicConductor/Intermediate/AssetRegistryCache/5a627529.bin
[2017.01.21-08.36.52:703][  0]SourceControl: Info 	CosmicConductor/Intermediate/AssetRegistryCache/94c5d5a7.bin
[2017.01.21-08.36.52:703][  0]SourceControl: Info 	CosmicConductor/Saved/AutoScreenshot.png
[2017.01.21-08.36.52:703][  0]SourceControl: Info 	CosmicConductor/Saved/Autosaves/
[2017.01.21-08.36.52:703][  0]SourceControl: Info 	CosmicConductor/Saved/Backup/
[2017.01.21-08.36.52:703][  0]SourceControl: Info 	CosmicConductor/Saved/Config/WorldState/
[2017.01.21-08.36.52:703][  0]SourceControl: Info 	CosmicConductor/Saved/Logs/CosmicConductor-backup-2017.01.21-09.04.15.log
[2017.01.21-08.36.52:703][  0]SourceControl: Info 	CosmicConductor/Saved/Logs/CosmicConductor-backup-2017.01.21-10.00.25.log
[2017.01.21-08.36.52:703][  0]SourceControl: Info 	CosmicConductor/Saved/Logs/CosmicConductor-backup-2017.01.21-10.14.36.log
[2017.01.21-08.36.52:703][  0]SourceControl: Info 	CosmicConductor/Saved/Logs/CosmicConductor-backup-2017.01.21-10.18.17.log
[2017.01.21-08.36.52:703][  0]SourceControl: Info 	CosmicConductor/Saved/Logs/CosmicConductor-backup-2017.01.21-10.19.58.log
[2017.01.21-08.36.52:703][  0]SourceControl: Info 	CosmicConductor/Saved/Logs/CosmicConductor-backup-2017.01.21-10.36.43.log
[2017.01.21-08.36.52:703][  0]SourceControl: Info 	CosmicConductor/Saved/Logs/UE4CC-Windows-0D74C2274D704FCE4F01AC85AC907489/
[2017.01.21-08.36.52:703][  0]SourceControl: Info 	CosmicConductor/Saved/Logs/UE4CC-Windows-0D74C2274D704FCE4F01AC85AC907489_0000/
[2017.01.21-08.36.52:703][  0]SourceControl: Info 	CosmicConductor/Saved/Logs/UE4CC-Windows-0D74C2274D704FCE4F01AC85AC907489_0001/
[2017.01.21-08.36.52:703][  0]SourceControl: Info 	CosmicConductor/Saved/Logs/UE4CC-Windows-7649CAE946C3CC5B5ED23CBA0E922F2D/
[2017.01.21-08.36.52:703][  0]SourceControl: Info 	CosmicConductor/Saved/Logs/UE4CC-Windows-7649CAE946C3CC5B5ED23CBA0E922F2D_0000/
[2017.01.21-08.36.52:703][  0]SourceControl: Info 	CosmicConductor/Saved/Logs/UE4CC-Windows-868596544D94657A724A07B3785717E9/
[2017.01.21-08.36.52:703][  0]SourceControl: Info 	CosmicConductor/Saved/Logs/UE4CC-Windows-B000A62D4E087C20F16A39AC436F4F08/
[2017.01.21-08.36.52:703][  0]SourceControl: Info 	CosmicConductor/Saved/Logs/UE4CC-Windows-F757A6B54E2E52F45E0BA28614D44619/
[2017.01.21-08.36.52:703][  0]SourceControl: Info 	CosmicConductor/Saved/Logs/UE4CC-Windows-F757A6B54E2E52F45E0BA28614D44619_0000/
[2017.01.21-08.36.52:703][  0]SourceControl: Info 	CosmicConductor/Saved/Logs/UE4CC-Windows-FC18743D4DD0F3C892CE3EAE66944ECE/
[2017.01.21-08.36.52:703][  0]LogContentStreaming: Texture pool size now 1000 MB
[2017.01.21-08.36.52:843][  0]LogRenderer: Reallocating scene render targets to support 1208x576 NumSamples 1 (Frame:2).
[2017.01.21-08.36.52:898][  1]LogAssetRegistry: Asset discovery search completed in 5.8119 seconds
[2017.01.21-08.36.52:898][  1]LogCollectionManager: Rebuilt the object cache for 0 collections in 0.000000 seconds (found 0 objects)
[2017.01.21-08.36.52:898][  1]LogCollectionManager: Fixed up redirectors for 0 collections in 0.000014 seconds (updated 0 objects)
[2017.01.21-08.37.02:435][518]LogAIModule: Creating AISystem for world MotionControllerMap
[2017.01.21-08.37.02:459][518]Cmd: MAP LOAD FILE="C:/Users/gerards/Documents/GitHub/CosmicConductor/CosmicConductor/Content/VirtualRealityBP/Maps/MotionControllerMap.umap" TEMPLATE=0 SHOWPROGRESS=1 FEATURELEVEL=3
[2017.01.21-08.37.02:459][518]LightingResults: New page: Lighting Build
[2017.01.21-08.37.02:460][518]LoadErrors: New page: Loading map: MotionControllerMap.umap
[2017.01.21-08.37.02:460][518]MapCheck: New page: Map Check
[2017.01.21-08.37.02:460][518]LightingResults: New page: Lighting Build
[2017.01.21-08.37.02:480][518]LogEditorServer: Finished looking for orphan Actors (0.000 secs)
[2017.01.21-08.37.02:496][518]Cmd: MAP CHECKDEP NOCLEARLOG
[2017.01.21-08.37.02:526][518]MapCheck: Info Map check complete: 0 Error(s), 0 Warning(s), took 29.593ms to complete.
[2017.01.21-08.37.02:526][518]LogFileHelpers: Loading map 'MotionControllerMap' took 0.068
[2017.01.21-08.37.59:447][983]LogTemp: Repeting last play command: VR Preview
[2017.01.21-08.37.59:457][983]LogBlueprintUserMessages: Early PlayInEditor Detection: Level '/Game/VirtualRealityBP/Maps/MotionControllerMap.MotionControllerMap:PersistentLevel' has LevelScriptBlueprint '/Game/VirtualRealityBP/Maps/MotionControllerMap.MotionControllerMap:PersistentLevel.MotionControllerMap' with GeneratedClass '/Game/VirtualRealityBP/Maps/MotionControllerMap.MotionControllerMap_C' with ClassGeneratedBy '/Game/VirtualRealityBP/Maps/MotionControllerMap.MotionControllerMap:PersistentLevel.MotionControllerMap'
[2017.01.21-08.37.59:457][983]LogPlayLevel: PlayLevel: No blueprints needed recompiling
[2017.01.21-08.37.59:457][983]PIE: New page: PIE session: MotionControllerMap (Jan 21, 2017, 12:37:59 PM)
[2017.01.21-08.37.59:457][983]LogPlayLevel: Creating play world package: /Game/VirtualRealityBP/Maps/UEDPIE_0_MotionControllerMap
[2017.01.21-08.37.59:465][983]LogPlayLevel: PIE: StaticDuplicateObject took: (0.007645s)
[2017.01.21-08.37.59:466][983]LogAIModule: Creating AISystem for world MotionControllerMap
[2017.01.21-08.37.59:466][983]LogPlayLevel: PIE: World Init took: (0.000664s)
[2017.01.21-08.37.59:466][983]LogPlayLevel: PIE: Created PIE world by copying editor world from /Game/VirtualRealityBP/Maps/MotionControllerMap.MotionControllerMap to /Game/VirtualRealityBP/Maps/UEDPIE_0_MotionControllerMap.MotionControllerMap (0.008561s)
[2017.01.21-08.37.59:480][983]LogInit: XAudio2 using 'Speakers (Realtek High Definition Audio)' : 2 channels at 48 kHz using 32 bits per sample (channel mask 0x3)
[2017.01.21-08.37.59:487][983]LogInit: FAudioDevice initialized.
[2017.01.21-08.37.59:570][983]LogUObjectGlobals:Warning: Failed to find object 'Class None.'
[2017.01.21-08.37.59:570][983]LogLoad: Game class is 'GameModeBase'
[2017.01.21-08.37.59:572][983]LogWorld: Bringing World /Game/VirtualRealityBP/Maps/UEDPIE_0_MotionControllerMap.MotionControllerMap up for play (max tick rate 0) at 2017.01.21-10.37.59
[2017.01.21-08.37.59:573][983]LogWorld: Bringing up level for play took: 0.001884
[2017.01.21-08.37.59:601][983]LogContentBrowser: Native class hierarchy updated for 'MovieSceneCapture' in 0.0005 seconds. Added 11 classes and 0 folders.
[2017.01.21-08.37.59:607][983]PIE: Info Play in editor start time for /Game/VirtualRealityBP/Maps/UEDPIE_0_MotionControllerMap 0.696
[2017.01.21-08.37.59:615][983]LogBlueprintUserMessages: Late PlayInEditor Detection: Level '/Game/VirtualRealityBP/Maps/MotionControllerMap.MotionControllerMap:PersistentLevel' has LevelScriptBlueprint '/Game/VirtualRealityBP/Maps/MotionControllerMap.MotionControllerMap:PersistentLevel.MotionControllerMap' with GeneratedClass '/Game/VirtualRealityBP/Maps/MotionControllerMap.MotionControllerMap_C' with ClassGeneratedBy '/Game/VirtualRealityBP/Maps/MotionControllerMap.MotionControllerMap:PersistentLevel.MotionControllerMap'
[2017.01.21-08.37.59:930][985]LogRenderer: Reallocating scene render targets to support 3024x1680 NumSamples 1 (Frame:760).
[2017.01.21-08.40.13:228][809]LogBlueprintUserMessages: Early EndPlayMap Detection: Level '/Game/VirtualRealityBP/Maps/MotionControllerMap.MotionControllerMap:PersistentLevel' has LevelScriptBlueprint '/Game/VirtualRealityBP/Maps/MotionControllerMap.MotionControllerMap:PersistentLevel.MotionControllerMap' with GeneratedClass '/Game/VirtualRealityBP/Maps/MotionControllerMap.MotionControllerMap_C' with ClassGeneratedBy '/Game/VirtualRealityBP/Maps/MotionControllerMap.MotionControllerMap:PersistentLevel.MotionControllerMap'
[2017.01.21-08.40.13:328][809]LogBlueprintUserMessages: Late EndPlayMap Detection: Level '/Game/VirtualRealityBP/Maps/MotionControllerMap.MotionControllerMap:PersistentLevel' has LevelScriptBlueprint '/Game/VirtualRealityBP/Maps/MotionControllerMap.MotionControllerMap:PersistentLevel.MotionControllerMap' with GeneratedClass '/Game/VirtualRealityBP/Maps/MotionControllerMap.MotionControllerMap_C' with ClassGeneratedBy '/Game/VirtualRealityBP/Maps/MotionControllerMap.MotionControllerMap:PersistentLevel.MotionControllerMap'
[2017.01.21-08.40.58:324][388]LogD3D11RHI: Timed out while waiting for GPU to catch up. (0.5 s)
[2017.01.21-08.40.58:825][389]LogD3D11RHI: Timed out while waiting for GPU to catch up. (0.5 s)
[2017.01.21-08.40.59:324][389]LogD3D11RHI: Timed out while waiting for GPU to catch up. (0.5 s)
[2017.01.21-08.40.59:825][389]LogD3D11RHI: Timed out while waiting for GPU to catch up. (0.5 s)
[2017.01.21-08.41.00:325][389]LogD3D11RHI: Timed out while waiting for GPU to catch up. (0.5 s)
[2017.01.21-08.41.00:824][389]LogD3D11RHI: Timed out while waiting for GPU to catch up. (0.5 s)
[2017.01.21-08.41.01:325][389]LogD3D11RHI: Timed out while waiting for GPU to catch up. (0.5 s)
[2017.01.21-08.41.01:825][389]LogD3D11RHI: Timed out while waiting for GPU to catch up. (0.5 s)
[2017.01.21-08.41.02:325][389]LogD3D11RHI: Timed out while waiting for GPU to catch up. (0.5 s)
[2017.01.21-08.41.02:825][389]LogD3D11RHI: Timed out while waiting for GPU to catch up. (0.5 s)
[2017.01.21-08.41.03:325][389]LogD3D11RHI: Timed out while waiting for GPU to catch up. (0.5 s)
[2017.01.21-08.41.03:825][389]LogD3D11RHI: Timed out while waiting for GPU to catch up. (0.5 s)
[2017.01.21-08.41.04:325][389]LogD3D11RHI: Timed out while waiting for GPU to catch up. (0.5 s)
[2017.01.21-08.41.04:825][389]LogD3D11RHI: Timed out while waiting for GPU to catch up. (0.5 s)
[2017.01.21-08.41.05:325][389]LogD3D11RHI: Timed out while waiting for GPU to catch up. (0.5 s)
[2017.01.21-08.41.05:825][389]LogD3D11RHI: Timed out while waiting for GPU to catch up. (0.5 s)
[2017.01.21-08.41.06:325][389]LogD3D11RHI: Timed out while waiting for GPU to catch up. (0.5 s)
[2017.01.21-08.41.06:825][389]LogD3D11RHI: Timed out while waiting for GPU to catch up. (0.5 s)
[2017.01.21-08.41.07:325][389]LogD3D11RHI: Timed out while waiting for GPU to catch up. (0.5 s)
[2017.01.21-08.41.07:825][389]LogD3D11RHI: Timed out while waiting for GPU to catch up. (0.5 s)
[2017.01.21-08.41.08:325][389]LogD3D11RHI: Timed out while waiting for GPU to catch up. (0.5 s)
[2017.01.21-08.41.08:825][389]LogD3D11RHI: Timed out while waiting for GPU to catch up. (0.5 s)
[2017.01.21-08.41.09:325][389]LogD3D11RHI: Timed out while waiting for GPU to catch up. (0.5 s)
[2017.01.21-08.41.09:825][389]LogD3D11RHI: Timed out while waiting for GPU to catch up. (0.5 s)
[2017.01.21-08.41.10:325][389]LogD3D11RHI: Timed out while waiting for GPU to catch up. (0.5 s)
[2017.01.21-08.41.10:825][389]LogD3D11RHI: Timed out while waiting for GPU to catch up. (0.5 s)
[2017.01.21-08.41.11:325][389]LogD3D11RHI: Timed out while waiting for GPU to catch up. (0.5 s)
[2017.01.21-08.41.11:825][389]LogD3D11RHI: Timed out while waiting for GPU to catch up. (0.5 s)
[2017.01.21-08.41.12:325][389]LogD3D11RHI: Timed out while waiting for GPU to catch up. (0.5 s)
[2017.01.21-08.41.12:825][389]LogD3D11RHI: Timed out while waiting for GPU to catch up. (0.5 s)
[2017.01.21-08.41.13:325][389]LogD3D11RHI: Timed out while waiting for GPU to catch up. (0.5 s)
