Log file open, 01/21/17 10:00:25
LogInit:Display: Running engine for game: CosmicConductor
LogPlatformFile: Not using cached read wrapper
LogInit:Display: RandInit(1630424856) SRandInit(1630424856).
LogTaskGraph: Started task graph with 5 named threads and 8 total threads with 1 sets of task threads.
LogStats: Stats thread started at 0.070569
LogPluginManager: Loaded Plugin Paper2D, From D:/Epic Games/4.14/Engine/Plugins/2D/Paper2D/Paper2D.uplugin
LogPluginManager: Loaded Plugin LightPropagationVolume, From D:/Epic Games/4.14/Engine/Plugins/Blendables/LightPropagationVolume/LightPropagationVolume.uplugin
LogPluginManager: Loaded Plugin BlankPlugin, From D:/Epic Games/4.14/Engine/Plugins/Developer/BlankPlugin/BlankPlugin.uplugin
LogPluginManager: Loaded Plugin CodeLiteSourceCodeAccess, From D:/Epic Games/4.14/Engine/Plugins/Developer/CodeLiteSourceCodeAccess/CodeLiteSourceCodeAccess.uplugin
LogPluginManager: Loaded Plugin GitSourceControl, From D:/Epic Games/4.14/Engine/Plugins/Developer/GitSourceControl/GitSourceControl.uplugin
LogPluginManager: Loaded Plugin KDevelopSourceCodeAccess, From D:/Epic Games/4.14/Engine/Plugins/Developer/KDevelopSourceCodeAccess/KDevelopSourceCodeAccess.uplugin
LogPluginManager: Loaded Plugin NullSourceCodeAccess, From D:/Epic Games/4.14/Engine/Plugins/Developer/NullSourceCodeAccess/NullSourceCodeAccess.uplugin
LogPluginManager: Loaded Plugin OneSkyLocalizationService, From D:/Epic Games/4.14/Engine/Plugins/Developer/OneSkyLocalizationService/OneSkyLocalizationService.uplugin
LogPluginManager: Loaded Plugin PerforceSourceControl, From D:/Epic Games/4.14/Engine/Plugins/Developer/PerforceSourceControl/PerforceSourceControl.uplugin
LogPluginManager: Loaded Plugin SubversionSourceControl, From D:/Epic Games/4.14/Engine/Plugins/Developer/SubversionSourceControl/SubversionSourceControl.uplugin
LogPluginManager: Loaded Plugin UObjectPlugin, From D:/Epic Games/4.14/Engine/Plugins/Developer/UObjectPlugin/UObjectPlugin.uplugin
LogPluginManager: Loaded Plugin VisualStudioSourceCodeAccess, From D:/Epic Games/4.14/Engine/Plugins/Developer/VisualStudioSourceCodeAccess/VisualStudioSourceCodeAccess.uplugin
LogPluginManager: Loaded Plugin XCodeSourceCodeAccess, From D:/Epic Games/4.14/Engine/Plugins/Developer/XCodeSourceCodeAccess/XCodeSourceCodeAccess.uplugin
LogPluginManager: Loaded Plugin AudioCapture, From D:/Epic Games/4.14/Engine/Plugins/Editor/AudioCapture/AudioCapture.uplugin
LogPluginManager: Loaded Plugin EpicSurvey, From D:/Epic Games/4.14/Engine/Plugins/Editor/EpicSurvey/EpicSurvey.uplugin
LogPluginManager: Loaded Plugin MacGraphicsSwitching, From D:/Epic Games/4.14/Engine/Plugins/Editor/MacGraphicsSwitching/MacGraphicsSwitching.uplugin
LogPluginManager: Loaded Plugin MobileLauncherProfileWizard, From D:/Epic Games/4.14/Engine/Plugins/Editor/MobileLauncherProfileWizard/MobileLauncherProfileWizard.uplugin
LogPluginManager: Loaded Plugin PluginBrowser, From D:/Epic Games/4.14/Engine/Plugins/Editor/PluginBrowser/PluginBrowser.uplugin
LogPluginManager: Loaded Plugin SpeedTreeImporter, From D:/Epic Games/4.14/Engine/Plugins/Editor/SpeedTreeImporter/SpeedTreeImporter.uplugin
LogPluginManager: Loaded Plugin SuperSearchEditor, From D:/Epic Games/4.14/Engine/Plugins/Editor/SuperSearchEditor/SuperSearchEditor.uplugin
LogPluginManager: Loaded Plugin AlembicImporter, From D:/Epic Games/4.14/Engine/Plugins/Experimental/AlembicImporter/AlembicImporter.uplugin
LogPluginManager: Loaded Plugin BlueprintStats, From D:/Epic Games/4.14/Engine/Plugins/Experimental/BlueprintStats/BlueprintStats.uplugin
LogPluginManager: Loaded Plugin CharacterAI, From D:/Epic Games/4.14/Engine/Plugins/Experimental/CharacterAI/CharacterAI.uplugin
LogPluginManager: Loaded Plugin CodeEditor, From D:/Epic Games/4.14/Engine/Plugins/Experimental/CodeEditor/CodeEditor.uplugin
LogPluginManager: Loaded Plugin CodeView, From D:/Epic Games/4.14/Engine/Plugins/Experimental/CodeView/CodeView.uplugin
LogPluginManager: Loaded Plugin HTML5Networking, From D:/Epic Games/4.14/Engine/Plugins/Experimental/HTML5Networking/HTML5Networking.uplugin
LogPluginManager: Loaded Plugin OSVR, From D:/Epic Games/4.14/Engine/Plugins/Experimental/OSVR/OSVR.uplugin
LogPluginManager: Loaded Plugin Phya, From D:/Epic Games/4.14/Engine/Plugins/Experimental/Phya/Phya.uplugin
LogPluginManager: Loaded Plugin SignificanceManager, From D:/Epic Games/4.14/Engine/Plugins/Experimental/SignificanceManager/SignificanceManager.uplugin
LogPluginManager: Loaded Plugin SimpleHMD, From D:/Epic Games/4.14/Engine/Plugins/Experimental/SimpleHMD/SimpleHMD.uplugin
LogPluginManager: Loaded Plugin StereoPanorama, From D:/Epic Games/4.14/Engine/Plugins/Experimental/StereoPanorama/StereoPanorama.uplugin
LogPluginManager: Loaded Plugin StructBox, From D:/Epic Games/4.14/Engine/Plugins/Experimental/StructBox/StructBox.uplugin
LogPluginManager: Loaded Plugin AndroidMedia, From D:/Epic Games/4.14/Engine/Plugins/Media/AndroidMedia/AndroidMedia.uplugin
LogPluginManager: Loaded Plugin AvfMedia, From D:/Epic Games/4.14/Engine/Plugins/Media/AvfMedia/AvfMedia.uplugin
LogPluginManager: Loaded Plugin MediaPlayerEditor, From D:/Epic Games/4.14/Engine/Plugins/Media/MediaPlayerEditor/MediaPlayerEditor.uplugin
LogPluginManager: Loaded Plugin WmfMedia, From D:/Epic Games/4.14/Engine/Plugins/Media/WmfMedia/WmfMedia.uplugin
LogPluginManager: Loaded Plugin MessagingDebugger, From D:/Epic Games/4.14/Engine/Plugins/Messaging/MessagingDebugger/MessagingDebugger.uplugin
LogPluginManager: Loaded Plugin TcpMessaging, From D:/Epic Games/4.14/Engine/Plugins/Messaging/TcpMessaging/TcpMessaging.uplugin
LogPluginManager: Loaded Plugin UdpMessaging, From D:/Epic Games/4.14/Engine/Plugins/Messaging/UdpMessaging/UdpMessaging.uplugin
LogPluginManager: Loaded Plugin LevelSequenceEditor, From D:/Epic Games/4.14/Engine/Plugins/MovieScene/LevelSequenceEditor/LevelSequenceEditor.uplugin
LogPluginManager: Loaded Plugin MatineeToLevelSequence, From D:/Epic Games/4.14/Engine/Plugins/MovieScene/MatineeToLevelSequence/MatineeToLevelSequence.uplugin
LogPluginManager: Loaded Plugin NetcodeUnitTest, From D:/Epic Games/4.14/Engine/Plugins/NetcodeUnitTest/NetcodeUnitTest/NetcodeUnitTest.uplugin
LogPluginManager: Loaded Plugin NUTUnrealEngine4, From D:/Epic Games/4.14/Engine/Plugins/NetcodeUnitTest/NUTUnrealEngine4/NUTUnrealEngine4.uplugin
LogPluginManager: Loaded Plugin OnlineSubsystemGameCircle, From D:/Epic Games/4.14/Engine/Plugins/Online/Android/OnlineSubsystemGameCircle/OnlineSubsystemGameCircle.uplugin
LogPluginManager: Loaded Plugin OnlineSubsystemGooglePlay, From D:/Epic Games/4.14/Engine/Plugins/Online/Android/OnlineSubsystemGooglePlay/OnlineSubsystemGooglePlay.uplugin
LogPluginManager: Loaded Plugin OnlineSubsystemIOS, From D:/Epic Games/4.14/Engine/Plugins/Online/IOS/OnlineSubsystemIOS/OnlineSubsystemIOS.uplugin
LogPluginManager: Loaded Plugin OnlineFramework, From D:/Epic Games/4.14/Engine/Plugins/Online/OnlineFramework/OnlineFramework.uplugin
LogPluginManager: Loaded Plugin OnlineSubsystem, From D:/Epic Games/4.14/Engine/Plugins/Online/OnlineSubsystem/OnlineSubsystem.uplugin
LogPluginManager: Loaded Plugin OnlineSubsystemAmazon, From D:/Epic Games/4.14/Engine/Plugins/Online/OnlineSubsystemAmazon/OnlineSubsystemAmazon.uplugin
LogPluginManager: Loaded Plugin OnlineSubsystemFacebook, From D:/Epic Games/4.14/Engine/Plugins/Online/OnlineSubsystemFacebook/OnlineSubsystemFacebook.uplugin
LogPluginManager: Loaded Plugin OnlineSubsystemNull, From D:/Epic Games/4.14/Engine/Plugins/Online/OnlineSubsystemNull/OnlineSubsystemNull.uplugin
LogPluginManager: Loaded Plugin OnlineSubsystemOculus, From D:/Epic Games/4.14/Engine/Plugins/Online/OnlineSubsystemOculus/OnlineSubsystemOculus.uplugin
LogPluginManager: Loaded Plugin OnlineSubsystemSteam, From D:/Epic Games/4.14/Engine/Plugins/Online/OnlineSubsystemSteam/OnlineSubsystemSteam.uplugin
LogPluginManager: Loaded Plugin OnlineSubsystemUtils, From D:/Epic Games/4.14/Engine/Plugins/Online/OnlineSubsystemUtils/OnlineSubsystemUtils.uplugin
LogPluginManager: Loaded Plugin IOSTapJoy, From D:/Epic Games/4.14/Engine/Plugins/Runtime/Advertising/IOSTapJoy/IOSTapJoy.uplugin
LogPluginManager: Loaded Plugin AnalyticsBlueprintLibrary, From D:/Epic Games/4.14/Engine/Plugins/Runtime/Analytics/AnalyticsBlueprintLibrary/AnalyticsBlueprintLibrary.uplugin
LogPluginManager: Loaded Plugin AnalyticsMulticast, From D:/Epic Games/4.14/Engine/Plugins/Runtime/Analytics/AnalyticsMulticast/AnalyticsMulticast.uplugin
LogPluginManager: Loaded Plugin Apsalar, From D:/Epic Games/4.14/Engine/Plugins/Runtime/Analytics/Apsalar/Apsalar.uplugin
LogPluginManager: Loaded Plugin FileLogging, From D:/Epic Games/4.14/Engine/Plugins/Runtime/Analytics/FileLogging/FileLogging.uplugin
LogPluginManager: Loaded Plugin Flurry, From D:/Epic Games/4.14/Engine/Plugins/Runtime/Analytics/Flurry/Flurry.uplugin
LogPluginManager: Loaded Plugin AndroidDeviceProfileSelector, From D:/Epic Games/4.14/Engine/Plugins/Runtime/AndroidDeviceProfileSelector/AndroidDeviceProfileSelector.uplugin
LogPluginManager: Loaded Plugin AndroidMoviePlayer, From D:/Epic Games/4.14/Engine/Plugins/Runtime/AndroidMoviePlayer/AndroidMoviePlayer.uplugin
LogPluginManager: Loaded Plugin AppleMoviePlayer, From D:/Epic Games/4.14/Engine/Plugins/Runtime/AppleMoviePlayer/AppleMoviePlayer.uplugin
LogPluginManager: Loaded Plugin ArchVisCharacter, From D:/Epic Games/4.14/Engine/Plugins/Runtime/ArchVisCharacter/ArchVisCharacter.uplugin
LogPluginManager: Loaded Plugin CableComponent, From D:/Epic Games/4.14/Engine/Plugins/Runtime/CableComponent/CableComponent.uplugin
LogPluginManager: Loaded Plugin CustomMeshComponent, From D:/Epic Games/4.14/Engine/Plugins/Runtime/CustomMeshComponent/CustomMeshComponent.uplugin
LogPluginManager: Loaded Plugin ExampleDeviceProfileSelector, From D:/Epic Games/4.14/Engine/Plugins/Runtime/ExampleDeviceProfileSelector/ExampleDeviceProfileSelector.uplugin
LogPluginManager: Loaded Plugin GearVR, From D:/Epic Games/4.14/Engine/Plugins/Runtime/GearVR/GearVR.uplugin
LogPluginManager: Loaded Plugin GoogleVRController, From D:/Epic Games/4.14/Engine/Plugins/Runtime/GoogleVR/GoogleVRController/GoogleVRController.uplugin
LogPluginManager: Loaded Plugin GoogleVRHMD, From D:/Epic Games/4.14/Engine/Plugins/Runtime/GoogleVR/GoogleVRHMD/GoogleVRHMD.uplugin
LogPluginManager: Loaded Plugin IOSDeviceProfileSelector, From D:/Epic Games/4.14/Engine/Plugins/Runtime/IOSDeviceProfileSelector/IOSDeviceProfileSelector.uplugin
LogPluginManager: Loaded Plugin LeapMotion, From D:/Epic Games/4.14/Engine/Plugins/Runtime/LeapMotion/LeapMotion.uplugin
LogPluginManager: Loaded Plugin LinuxDeviceProfileSelector, From D:/Epic Games/4.14/Engine/Plugins/Runtime/LinuxDeviceProfileSelector/LinuxDeviceProfileSelector.uplugin
LogPluginManager: Loaded Plugin MIDIDevice, From D:/Epic Games/4.14/Engine/Plugins/Runtime/MIDIDevice/MIDIDevice.uplugin
LogPluginManager: Loaded Plugin MobilePatchingUtils, From D:/Epic Games/4.14/Engine/Plugins/Runtime/MobilePatchingUtils/MobilePatchingUtils.uplugin
LogPluginManager: Loaded Plugin Ansel, From D:/Epic Games/4.14/Engine/Plugins/Runtime/Nvidia/Ansel/Ansel.uplugin
LogPluginManager: Loaded Plugin OculusAudio, From D:/Epic Games/4.14/Engine/Plugins/Runtime/OculusAudio/OculusAudio.uplugin
LogPluginManager: Loaded Plugin OculusInput, From D:/Epic Games/4.14/Engine/Plugins/Runtime/OculusInput/OculusInput.uplugin
LogPluginManager: Loaded Plugin OculusLibrary, From D:/Epic Games/4.14/Engine/Plugins/Runtime/OculusLibrary/OculusLibrary.uplugin
LogPluginManager: Loaded Plugin OculusRift, From D:/Epic Games/4.14/Engine/Plugins/Runtime/OculusRift/OculusRift.uplugin
LogPluginManager: Loaded Plugin Oodle, From D:/Epic Games/4.14/Engine/Plugins/Runtime/PacketHandlers/CompressionComponents/Oodle/Oodle.uplugin
LogPluginManager: Loaded Plugin ProceduralMeshComponent, From D:/Epic Games/4.14/Engine/Plugins/Runtime/ProceduralMeshComponent/ProceduralMeshComponent.uplugin
LogPluginManager: Loaded Plugin SoundMod, From D:/Epic Games/4.14/Engine/Plugins/Runtime/SoundMod/SoundMod.uplugin
LogPluginManager: Loaded Plugin SoundVisualizations, From D:/Epic Games/4.14/Engine/Plugins/Runtime/SoundVisualizations/SoundVisualizations.uplugin
LogPluginManager: Loaded Plugin SteamController, From D:/Epic Games/4.14/Engine/Plugins/Runtime/Steam/SteamController/SteamController.uplugin
LogPluginManager: Loaded Plugin SteamVR, From D:/Epic Games/4.14/Engine/Plugins/Runtime/Steam/SteamVR/SteamVR.uplugin
LogPluginManager: Loaded Plugin WebBrowserWidget, From D:/Epic Games/4.14/Engine/Plugins/Runtime/WebBrowserWidget/WebBrowserWidget.uplugin
LogPluginManager: Loaded Plugin WindowsDeviceProfileSelector, From D:/Epic Games/4.14/Engine/Plugins/Runtime/WindowsDeviceProfileSelector/WindowsDeviceProfileSelector.uplugin
LogPluginManager: Loaded Plugin WindowsMoviePlayer, From D:/Epic Games/4.14/Engine/Plugins/Runtime/WindowsMoviePlayer/WindowsMoviePlayer.uplugin
LogPluginManager: Loaded Plugin ScriptPlugin, From D:/Epic Games/4.14/Engine/Plugins/ScriptPlugin/ScriptPlugin.uplugin
LogPluginManager: Loaded Plugin SlateRemote, From D:/Epic Games/4.14/Engine/Plugins/Slate/SlateRemote/SlateRemote.uplugin
LogPluginManager: Loaded Plugin EditorTests, From D:/Epic Games/4.14/Engine/Plugins/Tests/EditorTests/EditorTests.uplugin
LogPluginManager: Loaded Plugin FbxAutomationTestBuilder, From D:/Epic Games/4.14/Engine/Plugins/Tests/FbxAutomationTestBuilder/FbxAutomationTestBuilder.uplugin
LogPluginManager: Loaded Plugin FunctionalTestingEditor, From D:/Epic Games/4.14/Engine/Plugins/Tests/FunctionalTestingEditor/FunctionalTestingEditor.uplugin
LogPluginManager: Loaded Plugin RuntimeTests, From D:/Epic Games/4.14/Engine/Plugins/Tests/RuntimeTests/RuntimeTests.uplugin
LogPluginManager: Loaded Plugin ScreenshotTools, From D:/Epic Games/4.14/Engine/Plugins/Tests/ScreenshotTools/ScreenshotTools.uplugin
LogInit: Using libcurl 7.47.1
LogInit:  - built for x86_64-pc-win32
LogInit:  - supports SSL with OpenSSL/1.0.2g
LogInit:  - supports HTTP deflate (compression) using libz 1.2.8
LogInit:  - other features:
LogInit:      CURL_VERSION_SSL
LogInit:      CURL_VERSION_LIBZ
LogInit:      CURL_VERSION_IPV6
LogInit:      CURL_VERSION_ASYNCHDNS
LogInit:      CURL_VERSION_LARGEFILE
LogInit:      CURL_VERSION_IDN
LogInit:  CurlRequestOptions (configurable via config and command line):
LogInit:  - bVerifyPeer = false  - Libcurl will NOT verify peer certificate
LogInit:  - bUseHttpProxy = false  - Libcurl will NOT use HTTP proxy
LogInit:  - bDontReuseConnections = false  - Libcurl will reuse connections
LogInit:  - CertBundlePath = nullptr  - Libcurl will use whatever was configured at build time.
LogInit: Build: ++UE4+Release-4.14-CL-3249277
LogInit: Engine Version: 4.14.3-3249277+++UE4+Release-4.14
LogInit: Compatible Engine Version: 4.14.0-3195953+++UE4+Release-4.14
LogInit: Net CL: 3195953
LogDevObjectVersion: Number of dev versions registered: 13
LogDevObjectVersion:   Dev-Blueprints (B0D832E4-1F89-4F0D-ACCF-7EB736FD4AA2): 7
LogDevObjectVersion:   Dev-Build (E1C64328-A22C-4D53-A36C-8E866417BD8C): 0
LogDevObjectVersion:   Dev-Core (375EC13C-06E4-48FB-B500-84F0262A717E): 1
LogDevObjectVersion:   Dev-Editor (E4B068ED-F494-42E9-A231-DA0B2E46BB41): 8
LogDevObjectVersion:   Dev-Framework (CFFC743F-43B0-4480-9391-14DF171D2073): 17
LogDevObjectVersion:   Dev-Mobile (B02B49B5-BB20-44E9-A304-32B752E40360): 0
LogDevObjectVersion:   Dev-Networking (A4E4105C-59A1-49B5-A7C5-40C4547EDFEE): 0
LogDevObjectVersion:   Dev-Online (39C831C9-5AE6-47DC-9A44-9C173E1C8E7C): 0
LogDevObjectVersion:   Dev-Physics (78F01B33-EBEA-4F98-B9B4-84EACCB95AA2): 0
LogDevObjectVersion:   Dev-Platform (6631380F-2D4D-43E0-8009-CF276956A95A): 0
LogDevObjectVersion:   Dev-Rendering (12F88B9F-8875-4AFC-A67C-D90C383ABD29): 12
LogDevObjectVersion:   Dev-Sequencer (7B5AE74C-D270-4C10-A958-57980B212A5A): 1
LogDevObjectVersion:   Dev-VR (D7296918-1DD6-4BDD-9DE2-64A83CC13884): 0
LogInit: Compiled (64-bit): Jan  6 2017 10:49:43
LogInit: Compiled with Visual C++: 19.00.23026.00
LogInit: Build Configuration: Development
LogInit: Branch Name: ++UE4+Release-4.14
LogInit: Command line:  
LogInit: Base directory: D:/Epic Games/4.14/Engine/Binaries/Win64/
LogInit: Installed Engine Build: 1
LogInit: Presizing for max 8388607 objects, including 0 objects not considered by GC, pre-allocating 0 bytes for permanent pool.
LogInit: Object subsystem initialized
[2017.01.21-08.00.25:602][  0]LogConsoleManager:Display: Setting the console variable 'r.RHICmdBypass' with 'SetByProjectSetting' was ignored as it is lower priority than the previous 'SetBySystemSettingsIni'
[2017.01.21-08.00.25:604][  0]LogInit: Selected Device Profile: [Windows]
[2017.01.21-08.00.25:604][  0]LogInit: Applying CVar settings loaded from the selected device profile: [Windows]
[2017.01.21-08.00.25:614][  0]LogInit: Computer: LAP0071
[2017.01.21-08.00.25:614][  0]LogInit: User: gerards
[2017.01.21-08.00.25:614][  0]LogInit: CPU Page size=65536, Cores=4
[2017.01.21-08.00.25:614][  0]LogInit: High frequency timer resolution =2.435777 MHz
[2017.01.21-08.00.25:614][  0]LogMemory: Memory total: Physical=16.0GB (16GB approx)
[2017.01.21-08.00.25:614][  0]LogMemory: Platform Memory Stats for Windows
[2017.01.21-08.00.25:614][  0]LogMemory: Process Physical Memory: 265.48 MB used, 265.48 MB peak
[2017.01.21-08.00.25:614][  0]LogMemory: Process Virtual Memory: 263.54 MB used, 263.54 MB peak
[2017.01.21-08.00.25:614][  0]LogMemory: Physical Memory: 7283.86 MB used,  9052.05 MB free, 16335.91 MB total
[2017.01.21-08.00.25:614][  0]LogMemory: Virtual Memory: 687.94 MB used,  9052.05 MB free, 134217728.00 MB total
[2017.01.21-08.00.25:641][  0]LogTextLocalizationManager: No specific translations for ('en-US') exist, so ('en') translations will be used.
[2017.01.21-08.00.26:164][  0]LogD3D11RHI: D3D11 adapters:
[2017.01.21-08.00.26:195][  0]LogD3D11RHI:    0. 'NVIDIA GeForce GTX 970M' (Feature Level 11_0)
[2017.01.21-08.00.26:195][  0]LogD3D11RHI:       5877/0/8167 MB DedicatedVideo/DedicatedSystem/SharedSystem, Outputs:1, VendorId:0x10de
[2017.01.21-08.00.26:196][  0]LogD3D11RHI:    1. 'Microsoft Basic Render Driver' (Feature Level 11_0)
[2017.01.21-08.00.26:196][  0]LogD3D11RHI:       0/0/8167 MB DedicatedVideo/DedicatedSystem/SharedSystem, Outputs:0, VendorId:0x1414
[2017.01.21-08.00.26:196][  0]LogD3D11RHI: Chosen D3D11 Adapter: 0
[2017.01.21-08.00.26:200][  0]LogD3D11RHI: Creating new Direct3DDevice
[2017.01.21-08.00.26:200][  0]LogD3D11RHI:     GPU DeviceId: 0x13d8 (for the marketing name, search the web for "GPU Device Id")
[2017.01.21-08.00.26:200][  0]LogWindows: EnumDisplayDevices:
[2017.01.21-08.00.26:200][  0]LogWindows:    0. 'NVIDIA GeForce GTX 970M' (P:1 D:1)
[2017.01.21-08.00.26:201][  0]LogWindows:    1. 'NVIDIA GeForce GTX 970M' (P:0 D:0)
[2017.01.21-08.00.26:201][  0]LogWindows:    2. 'NVIDIA GeForce GTX 970M' (P:0 D:0)
[2017.01.21-08.00.26:201][  0]LogWindows:    3. 'NVIDIA GeForce GTX 970M' (P:0 D:0)
[2017.01.21-08.00.26:201][  0]LogWindows: DebugString: FoundDriverCount:4 
[2017.01.21-08.00.26:201][  0]LogD3D11RHI:     Adapter Name: NVIDIA GeForce GTX 970M
[2017.01.21-08.00.26:201][  0]LogD3D11RHI:   Driver Version: 376.33 (internal:21.21.13.7633, unified:376.33)
[2017.01.21-08.00.26:201][  0]LogD3D11RHI:      Driver Date: 12-11-2016
[2017.01.21-08.00.26:201][  0]LogRHI: Texture pool is 1361 MB (70% of 1945 MB)
[2017.01.21-08.00.26:218][  0]LogD3D11RHI: Async texture creation enabled
[2017.01.21-08.00.26:233][  0]LogD3D11RHI: GPU Timing Frequency: 1000.000000 (Debug: 2 2)
[2017.01.21-08.00.26:233][  0]LogShaderCompilers: Guid format shader working directory is -17 characters bigger than the processId version (C:/Users/gerards/Documents/GitHub/CosmicConductor/CosmicConductor/Intermediate/Shaders/WorkingDirectory/5148/).
[2017.01.21-08.00.26:233][  0]LogShaderCompilers: Cleaned the shader compiler working directory 'C:/Users/gerards/AppData/Local/Temp/UnrealShaderWorkingDir/2D9AF82A4AB3ECA8A462B6B983F4BCB9/'.
[2017.01.21-08.00.26:233][  0]LogShaderCompilers:Display: Using Local Shader Compiler.
[2017.01.21-08.00.27:435][  0]LogTemp:Display: Loaded TP AllDesktopTargetPlatform
[2017.01.21-08.00.27:475][  0]LogTemp:Display: Loaded TP MacClientTargetPlatform
[2017.01.21-08.00.27:515][  0]LogTemp:Display: Loaded TP MacNoEditorTargetPlatform
[2017.01.21-08.00.27:554][  0]LogTemp:Display: Loaded TP MacServerTargetPlatform
[2017.01.21-08.00.27:594][  0]LogTemp:Display: Loaded TP MacTargetPlatform
[2017.01.21-08.00.27:633][  0]LogTemp:Display: Loaded TP WindowsClientTargetPlatform
[2017.01.21-08.00.27:673][  0]LogTemp:Display: Loaded TP WindowsNoEditorTargetPlatform
[2017.01.21-08.00.27:712][  0]LogTemp:Display: Loaded TP WindowsServerTargetPlatform
[2017.01.21-08.00.27:742][  0]LogTemp:Display: Loaded TP WindowsTargetPlatform
[2017.01.21-08.00.27:781][  0]LogTemp:Display: Loaded TP AndroidTargetPlatform
[2017.01.21-08.00.27:820][  0]LogTemp:Display: Loaded TP Android_ASTCTargetPlatform
[2017.01.21-08.00.27:857][  0]LogTemp:Display: Loaded TP Android_ATCTargetPlatform
[2017.01.21-08.00.27:896][  0]LogTemp:Display: Loaded TP Android_DXTTargetPlatform
[2017.01.21-08.00.27:934][  0]LogTemp:Display: Loaded TP Android_ETC1TargetPlatform
[2017.01.21-08.00.27:971][  0]LogTemp:Display: Loaded TP Android_ETC2TargetPlatform
[2017.01.21-08.00.28:046][  0]LogTemp:Display: Loaded TP Android_MultiTargetPlatform
[2017.01.21-08.00.28:046][  0]LogTemp:Display: Loaded TP Android_PVRTCTargetPlatform
[2017.01.21-08.00.28:069][  0]LogTemp:Display: Loaded TP HTML5TargetPlatform
[2017.01.21-08.00.28:132][  0]LogTemp:Display: Loaded TP IOSTargetPlatform
[2017.01.21-08.00.28:159][  0]LogTemp:Display: Loaded TP TVOSTargetPlatform
[2017.01.21-08.00.28:198][  0]LogTemp:Display: Loaded TP LinuxClientTargetPlatform
[2017.01.21-08.00.28:236][  0]LogTemp:Display: Loaded TP LinuxNoEditorTargetPlatform
[2017.01.21-08.00.28:274][  0]LogTemp:Display: Loaded TP LinuxServerTargetPlatform
[2017.01.21-08.00.28:313][  0]LogTemp:Display: Loaded TP LinuxTargetPlatform
[2017.01.21-08.00.28:313][  0]LogTargetPlatformManager:Display: Building Assets For Windows
[2017.01.21-08.00.28:562][  0]LogDerivedDataCache:Display: Max Cache Size: 512 MB
[2017.01.21-08.00.28:613][  0]LogDerivedDataCache: Loaded boot cache 0.05s 68MB C:/Users/gerards/AppData/Local/UnrealEngine/4.14/DerivedDataCache/Boot.ddc.
[2017.01.21-08.00.28:613][  0]LogDerivedDataCache:Display: Loaded Boot cache: C:/Users/gerards/AppData/Local/UnrealEngine/4.14/DerivedDataCache/Boot.ddc
[2017.01.21-08.00.28:613][  0]LogDerivedDataCache: FDerivedDataBackendGraph:  Pak pak cache file C:/Users/gerards/Documents/GitHub/CosmicConductor/CosmicConductor/DerivedDataCache/DDC.ddp not found, will not use a pak cache.
[2017.01.21-08.00.28:613][  0]LogDerivedDataCache: Unable to find inner node Pak for hierarchical cache Hierarchy.
[2017.01.21-08.00.28:613][  0]LogDerivedDataCache: FDerivedDataBackendGraph:  CompressedPak pak cache file C:/Users/gerards/Documents/GitHub/CosmicConductor/CosmicConductor/DerivedDataCache/Compressed.ddp not found, will not use a pak cache.
[2017.01.21-08.00.28:613][  0]LogDerivedDataCache: Unable to find inner node CompressedPak for hierarchical cache Hierarchy.
[2017.01.21-08.00.28:629][  0]LogDerivedDataCache:Display: Pak cache opened for reading ../../../Engine/DerivedDataCache/Compressed.ddp.
[2017.01.21-08.00.28:640][  0]LogDerivedDataCache: Using Local data cache path C:/Users/gerards/AppData/Local/UnrealEngine/Common/DerivedDataCache: Writable
[2017.01.21-08.00.28:805][  0]LogInit: Selected Device Profile: [Windows]
[2017.01.21-08.00.28:808][  0]LogContentStreaming: Texture pool size is 0.00 MB
[2017.01.21-08.00.28:965][  0]LogMeshUtilities: Using QuadricMeshReduction for automatic static mesh reduction
[2017.01.21-08.00.28:993][  0]LogSimplygon: Simplygon DLL not present - disabling.
[2017.01.21-08.00.29:022][  0]LogMeshUtilities: Using SimplygonSwarm for distributed automatic mesh merging
[2017.01.21-08.00.29:022][  0]LogMeshUtilities: No automatic skeletal mesh reduction module available
[2017.01.21-08.00.29:022][  0]LogMeshUtilities: No automatic mesh merging module available
[2017.01.21-08.00.29:406][  0]LogNetVersion: GetLocalNetworkVersion: CL: 3195953, ProjectName: cosmicconductor, ProjectVersion: , EngineNetworkVersion: 2, GameNetworkVersion: 0, NetworkChecksum: 3814276629
[2017.01.21-08.00.29:454][  0]LogAssetRegistry: FAssetRegistry took 0.0212 seconds to start up
[2017.01.21-08.00.29:487][  0]LogPackageLocalizationCache: Processed 3 localized package path(s) for 2 prioritized culture(s) in 0.018310 seconds
[2017.01.21-08.00.29:492][  0]LogUObjectArray: 31946 objects as part of root set at end of initial load.
[2017.01.21-08.00.29:492][  0]LogUObjectAllocator: 6935840 out of 0 bytes used by permanent object pool.
[2017.01.21-08.00.29:492][  0]LogUObjectArray: CloseDisregardForGC: 0/0 objects in disregard for GC pool
[2017.01.21-08.00.29:530][  0]LogInit: WinSock: version 1.1 (2.2), MaxSocks=32767, MaxUdp=65467
[2017.01.21-08.00.29:987][  0]LogSlate: Using Freetype 2.6.0
[2017.01.21-08.00.29:987][  0]LogSlate: SlateFontCache - WITH_FREETYPE: 1, WITH_HARFBUZZ: 1
[2017.01.21-08.00.29:987][  0]LogSlate: SlateFontCache - WITH_FREETYPE: 1, WITH_HARFBUZZ: 1
[2017.01.21-08.00.30:636][  0]LogTcpMessaging: Initializing TcpMessaging bridge
[2017.01.21-08.00.30:664][  0]LogUdpMessaging: Initializing bridge on interface 0.0.0.0:0 to multicast group 230.0.0.1:6666.
[2017.01.21-08.00.30:877][  0]LogMaterial: Uniform references updated for custom material expression Custom.
[2017.01.21-08.00.31:136][  0]SourceControl: Info Source control is disabled
[2017.01.21-08.00.32:213][  0]LogEngine: Initializing Engine...
[2017.01.21-08.00.32:303][  0]LogHMD: SteamVR initialized.  Driver: lighthouse  Display: LHR-0EE66119
[2017.01.21-08.00.32:490][  0]LogAIModule: Creating AISystem for world Untitled
[2017.01.21-08.00.32:502][  0]LogInit: XAudio2 using 'Speakers (Realtek High Definition Audio)' : 2 channels at 48 kHz using 32 bits per sample (channel mask 0x3)
[2017.01.21-08.00.32:512][  0]LogInit: FAudioDevice initialized.
[2017.01.21-08.00.32:538][  0]LogDerivedDataCache: Saved boot cache 0.03s 61MB C:/Users/gerards/AppData/Local/UnrealEngine/4.14/DerivedDataCache/Boot.ddc.
[2017.01.21-08.00.32:546][  0]LogInit: Texture streaming: Enabled
[2017.01.21-08.00.32:670][  0]LogInit: Transaction tracking system initialized
[2017.01.21-08.00.32:881][  0]BlueprintLog: New page: Editor Load
[2017.01.21-08.00.33:434][  0]LocalizationService: Info Localization service is disabled
[2017.01.21-08.00.33:842][  0]LogConsoleResponse:Display: 
[2017.01.21-08.00.33:947][  0]LogCook:Display: Max memory allowance for cook 16384mb min free memory 0mb
[2017.01.21-08.00.33:947][  0]LogCook:Display: Mobile HDR setting 1
[2017.01.21-08.00.34:253][  0]LogFileCache: Scanning file cache for directory 'C:/Users/gerards/Documents/GitHub/CosmicConductor/CosmicConductor/Content/' took 0.01s
[2017.01.21-08.00.34:610][  0]Cmd: MAP LOAD FILE="C:/Users/gerards/Documents/GitHub/CosmicConductor/CosmicConductor/Content/VirtualRealityBP/Maps/StartupMap.umap" TEMPLATE=0 SHOWPROGRESS=1 FEATURELEVEL=3
[2017.01.21-08.00.34:610][  0]LightingResults: New page: Lighting Build
[2017.01.21-08.00.34:635][  0]MapCheck: New page: Map Check
[2017.01.21-08.00.34:635][  0]LightingResults: New page: Lighting Build
[2017.01.21-08.00.34:692][  0]LogAIModule: Creating AISystem for world StartupMap
[2017.01.21-08.00.34:696][  0]LogEditorServer: Finished looking for orphan Actors (0.000 secs)
[2017.01.21-08.00.34:697][  0]Cmd: MAP CHECKDEP NOCLEARLOG
[2017.01.21-08.00.34:724][  0]MapCheck: Info Map check complete: 0 Error(s), 0 Warning(s), took 27.339ms to complete.
[2017.01.21-08.00.34:724][  0]LogFileHelpers: Loading map 'StartupMap' took 0.115
[2017.01.21-08.00.34:841][  0]LogCollectionManager: Loaded 0 collections in 0.001547 seconds
[2017.01.21-08.00.34:900][  0]LogFileCache: Scanning file cache for directory 'C:/Users/gerards/Documents/GitHub/CosmicConductor/CosmicConductor/Saved/Collections/' took 0.01s
[2017.01.21-08.00.34:901][  0]LogFileCache: Scanning file cache for directory 'C:/Users/gerards/Documents/GitHub/CosmicConductor/CosmicConductor/Content/Developers/gerards/Collections/' took 0.01s
[2017.01.21-08.00.34:901][  0]LogFileCache: Scanning file cache for directory 'C:/Users/gerards/Documents/GitHub/CosmicConductor/CosmicConductor/Content/Collections/' took 0.01s
[2017.01.21-08.00.34:901][  0]LogCollectionManager: Rebuilt the GUID cache for 0 collections in 0.000002 seconds
[2017.01.21-08.00.34:909][  0]LogContentBrowser: Native class hierarchy populated in 0.0079 seconds. Added 2190 classes and 428 folders.
[2017.01.21-08.00.34:935][  0]LogStats: UGameplayTagsManager::ConstructGameplayTagTree: Construct from data asset -  0.000 s
[2017.01.21-08.00.34:935][  0]LogStats: UGameplayTagsManager::ConstructGameplayTagTree: GameplayTagTreeChangedEvent.Broadcast -  0.000 s
[2017.01.21-08.00.34:936][  0]LogContentBrowser: Native class hierarchy updated for 'GameplayTags' in 0.0005 seconds. Added 13 classes and 0 folders.
[2017.01.21-08.00.35:015][  0]LogContentBrowser: Native class hierarchy updated for 'WidgetCarousel' in 0.0004 seconds. Added 0 classes and 0 folders.
[2017.01.21-08.00.35:041][  0]LogContentBrowser: Native class hierarchy updated for 'AddContentDialog' in 0.0004 seconds. Added 0 classes and 0 folders.
[2017.01.21-08.00.35:067][  0]LogContentBrowser: Native class hierarchy updated for 'SceneOutliner' in 0.0006 seconds. Added 1 classes and 2 folders.
[2017.01.21-08.00.35:101][  0]LogCrashTracker: Crashtracker disabled due to settings.
[2017.01.21-08.00.35:106][  0]LogUObjectGlobals:Warning: Failed to find object 'Class None.'
[2017.01.21-08.00.35:157][  0]LogContentBrowser: Native class hierarchy updated for 'HierarchicalLODOutliner' in 0.0005 seconds. Added 1 classes and 2 folders.
[2017.01.21-08.00.35:157][  0]LogLoad: (Engine Initialization) Total time: 10.70 seconds
[2017.01.21-08.00.35:157][  0]LogLoad: (Engine Initialization) Total Blueprint compile time: 0.03 seconds
[2017.01.21-08.00.35:157][  0]LogExternalProfiler: Found external profiler: VSPerf
[2017.01.21-08.00.35:157][  0]LogExternalProfiler: Using external profiler: VSPerf
[2017.01.21-08.00.35:497][  0]LogOcInput: OculusInput pre-init called
[2017.01.21-08.00.35:506][  0]LogOcInput: OculusInput is initialized. Init status -3023. Runtime version: (Unable to load LibOVR)
[2017.01.21-08.00.35:522][  0]LogAssetRegistry: Asset discovery search completed in 6.0888 seconds
[2017.01.21-08.00.35:522][  0]LogCollectionManager: Rebuilt the object cache for 0 collections in 0.000000 seconds (found 0 objects)
[2017.01.21-08.00.35:522][  0]LogCollectionManager: Fixed up redirectors for 0 collections in 0.000013 seconds (updated 0 objects)
[2017.01.21-08.00.35:524][  0]SourceControl: Info On branch master
[2017.01.21-08.00.35:524][  0]SourceControl: Info Your branch is up-to-date with 'origin/master'.
[2017.01.21-08.00.35:524][  0]SourceControl: Info Changes to be committed:
[2017.01.21-08.00.35:524][  0]SourceControl: Info   (use "git reset HEAD <file>..." to unstage)
[2017.01.21-08.00.35:524][  0]SourceControl: Info 	new file:   CosmicConductor/Content/ConductorPlayer/MotionControllerMap.umap
[2017.01.21-08.00.35:524][  0]SourceControl: Info Changes not staged for commit:
[2017.01.21-08.00.35:524][  0]SourceControl: Info   (use "git add <file>..." to update what will be committed)
[2017.01.21-08.00.35:524][  0]SourceControl: Info   (use "git checkout -- <file>..." to discard changes in working directory)
[2017.01.21-08.00.35:524][  0]SourceControl: Info 	modified:   .gitignore
[2017.01.21-08.00.35:524][  0]SourceControl: Info 	modified:   CosmicConductor/Content/VirtualRealityBP/Blueprints/BP_MotionController.uasset
[2017.01.21-08.00.35:524][  0]SourceControl: Info 	modified:   CosmicConductor/Content/VirtualRealityBP/Blueprints/MotionControllerPawn.uasset
[2017.01.21-08.00.35:524][  0]SourceControl: Info 	modified:   CosmicConductor/Content/VirtualRealityBP/Maps/MotionControllerMap.umap
[2017.01.21-08.00.35:524][  0]SourceControl: Info 	modified:   CosmicConductor/Content/VirtualRealityBP/Maps/MotionControllerMap_BuiltData.uasset
[2017.01.21-08.00.35:524][  0]SourceControl: Info 	modified:   CosmicConductor/Content/VirtualRealityBP/Maps/StartupMap.umap
[2017.01.21-08.00.35:524][  0]SourceControl: Info 	modified:   CosmicConductor/Content/VirtualRealityBP/Maps/StartupMap_BuiltData.uasset
[2017.01.21-08.00.35:524][  0]SourceControl: Info 	modified:   CosmicConductor/Intermediate/CachedAssetRegistry.bin
[2017.01.21-08.00.35:524][  0]SourceControl: Info 	modified:   CosmicConductor/Saved/Config/Windows/Editor.ini
[2017.01.21-08.00.35:524][  0]SourceControl: Info 	modified:   CosmicConductor/Saved/Config/Windows/EditorPerProjectUserSettings.ini
[2017.01.21-08.00.35:524][  0]SourceControl: Info 	modified:   CosmicConductor/Saved/Config/Windows/Engine.ini
[2017.01.21-08.00.35:524][  0]SourceControl: Info 	modified:   CosmicConductor/Saved/Config/Windows/SourceControlSettings.ini
[2017.01.21-08.00.35:524][  0]SourceControl: Info 	modified:   CosmicConductor/Saved/Logs/CosmicConductor.log
[2017.01.21-08.00.35:524][  0]SourceControl: Info 	modified:   UE4.gitignore
[2017.01.21-08.00.35:525][  0]SourceControl: Info Untracked files:
[2017.01.21-08.00.35:525][  0]SourceControl: Info   (use "git add <file>..." to include in what will be committed)
[2017.01.21-08.00.35:525][  0]SourceControl: Info 	CosmicConductor/Intermediate/AssetRegistryCache/1d5167fa.bin
[2017.01.21-08.00.35:525][  0]SourceControl: Info 	CosmicConductor/Intermediate/AssetRegistryCache/5a627529.bin
[2017.01.21-08.00.35:525][  0]SourceControl: Info 	CosmicConductor/Intermediate/AssetRegistryCache/94c5d5a7.bin
[2017.01.21-08.00.35:525][  0]SourceControl: Info 	CosmicConductor/Saved/AutoScreenshot.png
[2017.01.21-08.00.35:525][  0]SourceControl: Info 	CosmicConductor/Saved/Autosaves/
[2017.01.21-08.00.35:525][  0]SourceControl: Info 	CosmicConductor/Saved/Backup/
[2017.01.21-08.00.35:525][  0]SourceControl: Info 	CosmicConductor/Saved/Config/WorldState/
[2017.01.21-08.00.35:525][  0]SourceControl: Info 	CosmicConductor/Saved/Logs/CosmicConductor-backup-2017.01.21-09.04.15.log
[2017.01.21-08.00.35:525][  0]SourceControl: Info 	CosmicConductor/Saved/Logs/CosmicConductor-backup-2017.01.21-10.00.25.log
[2017.01.21-08.00.35:525][  0]SourceControl: Info 	CosmicConductor/Saved/Logs/UE4CC-Windows-0D74C2274D704FCE4F01AC85AC907489/
[2017.01.21-08.00.35:525][  0]SourceControl: Info 	CosmicConductor/Saved/Logs/UE4CC-Windows-FC18743D4DD0F3C892CE3EAE66944ECE/
[2017.01.21-08.00.35:525][  0]LogContentStreaming: Texture pool size now 1000 MB
[2017.01.21-08.00.35:667][  0]LogRenderer: Reallocating scene render targets to support 1208x576 NumSamples 1 (Frame:2).
[2017.01.21-08.00.57:130][837]LogAIModule: Creating AISystem for world MotionControllerMap
[2017.01.21-08.00.57:151][837]Cmd: MAP LOAD FILE="C:/Users/gerards/Documents/GitHub/CosmicConductor/CosmicConductor/Content/VirtualRealityBP/Maps/MotionControllerMap.umap" TEMPLATE=0 SHOWPROGRESS=1 FEATURELEVEL=3
[2017.01.21-08.00.57:151][837]LightingResults: New page: Lighting Build
[2017.01.21-08.00.57:151][837]LoadErrors: New page: Loading map: MotionControllerMap.umap
[2017.01.21-08.00.57:152][837]MapCheck: New page: Map Check
[2017.01.21-08.00.57:152][837]LightingResults: New page: Lighting Build
[2017.01.21-08.00.57:165][837]LogEditorServer: Finished looking for orphan Actors (0.000 secs)
[2017.01.21-08.00.57:180][837]Cmd: MAP CHECKDEP NOCLEARLOG
[2017.01.21-08.00.57:209][837]MapCheck: Info Map check complete: 0 Error(s), 0 Warning(s), took 28.63ms to complete.
[2017.01.21-08.00.57:209][837]LogFileHelpers: Loading map 'MotionControllerMap' took 0.059
[2017.01.21-08.02.32:436][532]LogBlueprintUserMessages: Early PlayInEditor Detection: Level '/Game/VirtualRealityBP/Maps/MotionControllerMap.MotionControllerMap:PersistentLevel' has LevelScriptBlueprint '/Game/VirtualRealityBP/Maps/MotionControllerMap.MotionControllerMap:PersistentLevel.MotionControllerMap' with GeneratedClass '/Game/VirtualRealityBP/Maps/MotionControllerMap.MotionControllerMap_C' with ClassGeneratedBy '/Game/VirtualRealityBP/Maps/MotionControllerMap.MotionControllerMap:PersistentLevel.MotionControllerMap'
[2017.01.21-08.02.32:436][532]LogPlayLevel: PlayLevel: No blueprints needed recompiling
[2017.01.21-08.02.32:436][532]PIE: New page: PIE session: MotionControllerMap (Jan 21, 2017, 12:02:32 PM)
[2017.01.21-08.02.32:437][532]LogPlayLevel: Creating play world package: /Game/VirtualRealityBP/Maps/UEDPIE_0_MotionControllerMap
[2017.01.21-08.02.32:444][532]LogPlayLevel: PIE: StaticDuplicateObject took: (0.007055s)
[2017.01.21-08.02.32:444][532]LogAIModule: Creating AISystem for world MotionControllerMap
[2017.01.21-08.02.32:444][532]LogPlayLevel: PIE: World Init took: (0.000519s)
[2017.01.21-08.02.32:444][532]LogPlayLevel: PIE: Created PIE world by copying editor world from /Game/VirtualRealityBP/Maps/MotionControllerMap.MotionControllerMap to /Game/VirtualRealityBP/Maps/UEDPIE_0_MotionControllerMap.MotionControllerMap (0.007769s)
[2017.01.21-08.02.32:722][532]LogInit: XAudio2 using 'Speakers (Realtek High Definition Audio)' : 2 channels at 48 kHz using 32 bits per sample (channel mask 0x3)
[2017.01.21-08.02.32:729][532]LogInit: FAudioDevice initialized.
[2017.01.21-08.02.36:401][532]LogHMD: SteamVR initialized.  Driver: lighthouse  Display: LHR-0EE66119
[2017.01.21-08.02.36:507][532]LogUObjectGlobals:Warning: Failed to find object 'Class None.'
[2017.01.21-08.02.36:507][532]LogLoad: Game class is 'GameModeBase'
[2017.01.21-08.02.36:511][532]LogWorld: Bringing World /Game/VirtualRealityBP/Maps/UEDPIE_0_MotionControllerMap.MotionControllerMap up for play (max tick rate 0) at 2017.01.21-10.02.36
[2017.01.21-08.02.36:511][532]LogWorld: Bringing up level for play took: 0.002454
[2017.01.21-08.02.36:541][532]LogContentBrowser: Native class hierarchy updated for 'MovieSceneCapture' in 0.0007 seconds. Added 11 classes and 0 folders.
[2017.01.21-08.02.36:552][532]LogUnrealMath:Error: FMatrix::InverseFast(), trying to invert a NIL matrix, this results in NaNs! Use Inverse() instead.
[2017.01.21-08.02.36:552][532]LogOutputDevice:Warning: 

Script Stack:
BP_MotionController_C.SetupRoomScaleOutline
BP_MotionController_C.ExecuteUbergraph_BP_MotionController
BP_MotionController_C.ReceiveBeginPlay

[2017.01.21-08.02.36:687][532]LogStats: FPlatformStackWalk::StackWalkAndDump -  0.135 s
[2017.01.21-08.02.36:687][532]LogOutputDevice:Error: === Handled ensure: ===
[2017.01.21-08.02.36:687][532]LogOutputDevice:Error: 
[2017.01.21-08.02.36:687][532]LogOutputDevice:Error: Ensure condition failed: false [File:D:\Build\++UE4+Release-4.14+Compile\Sync\Engine\Source\Runtime\Core\Private\Math\Matrix.cpp] [Line: 9]
[2017.01.21-08.02.36:687][532]LogOutputDevice:Error: FMatrix::InverseFast(), trying to invert a NIL matrix, this results in NaNs! Use Inverse() instead.
[2017.01.21-08.02.36:687][532]LogOutputDevice:Error: Stack: 
[2017.01.21-08.02.36:687][532]LogOutputDevice:Error: 
[2017.01.21-08.02.36:687][532]LogOutputDevice:Error: 
[2017.01.21-08.02.36:687][532]LogOutputDevice:Error: 
[2017.01.21-08.02.36:687][532]LogOutputDevice:Error: 
[2017.01.21-08.02.36:687][532]LogOutputDevice:Error: 
[2017.01.21-08.02.36:687][532]LogOutputDevice:Error: 
[2017.01.21-08.02.36:687][532]LogOutputDevice:Error: 
[2017.01.21-08.02.36:687][532]LogOutputDevice:Error: 
[2017.01.21-08.02.36:687][532]LogOutputDevice:Error: 
[2017.01.21-08.02.36:687][532]LogOutputDevice:Error: 
[2017.01.21-08.02.36:687][532]LogOutputDevice:Error: 
[2017.01.21-08.02.36:687][532]LogOutputDevice:Error: 
[2017.01.21-08.02.36:687][532]LogOutputDevice:Error: 
[2017.01.21-08.02.36:687][532]LogOutputDevice:Error: 
[2017.01.21-08.02.36:687][532]LogOutputDevice:Error: 
[2017.01.21-08.02.36:687][532]LogOutputDevice:Error: 
[2017.01.21-08.02.36:687][532]LogOutputDevice:Error: 
[2017.01.21-08.02.36:687][532]LogOutputDevice:Error: 
[2017.01.21-08.02.36:687][532]LogOutputDevice:Error: 
[2017.01.21-08.02.36:687][532]LogOutputDevice:Error: 
[2017.01.21-08.02.36:687][532]LogOutputDevice:Error: 
[2017.01.21-08.02.36:687][532]LogOutputDevice:Error: 
[2017.01.21-08.02.36:687][532]LogOutputDevice:Error: 
[2017.01.21-08.02.36:687][532]LogOutputDevice:Error: 
[2017.01.21-08.02.36:687][532]LogOutputDevice:Error: 
[2017.01.21-08.02.36:687][532]LogOutputDevice:Error: 
[2017.01.21-08.02.36:687][532]LogOutputDevice:Error: 
[2017.01.21-08.02.36:687][532]LogOutputDevice:Error: 
[2017.01.21-08.02.36:687][532]LogOutputDevice:Error: 
[2017.01.21-08.02.36:687][532]LogOutputDevice:Error: 
[2017.01.21-08.02.36:687][532]LogOutputDevice:Error: 
[2017.01.21-08.02.36:687][532]LogOutputDevice:Error: 
[2017.01.21-08.02.36:687][532]LogOutputDevice:Error: 
[2017.01.21-08.02.36:687][532]LogOutputDevice:Error: 
[2017.01.21-08.02.36:687][532]LogOutputDevice:Error: 
[2017.01.21-08.02.36:687][532]LogOutputDevice:Error: 
[2017.01.21-08.02.36:687][532]LogOutputDevice:Error: 
[2017.01.21-08.02.36:687][532]LogOutputDevice:Error: 
[2017.01.21-08.02.36:688][532]LogStats:                SubmitErrorReport -  0.000 s
[2017.01.21-08.02.38:612][532]LogStats:                    SendNewReport -  1.925 s
[2017.01.21-08.02.38:613][532]LogStats:             FDebug::EnsureFailed -  2.061 s
[2017.01.21-08.02.38:613][532]LogUnrealMath:Error: FMatrix::InverseFast(), trying to invert a NIL matrix, this results in NaNs! Use Inverse() instead.
[2017.01.21-08.02.38:613][532]LogUnrealMath:Error: FMatrix::InverseFast(), trying to invert a NIL matrix, this results in NaNs! Use Inverse() instead.
[2017.01.21-08.02.38:613][532]LogUnrealMath:Error: FMatrix::InverseFast(), trying to invert a NIL matrix, this results in NaNs! Use Inverse() instead.
[2017.01.21-08.02.38:613][532]LogBlueprint:Warning: SetRelativeScale3D : Invalid Scale entered (X=-nan(ind) Y=-nan(ind) Z=70.000). Resetting to 1.f.
[2017.01.21-08.02.38:613][532]LogUnrealMath:Error: FMatrix::InverseFast(), trying to invert a NIL matrix, this results in NaNs! Use Inverse() instead.
[2017.01.21-08.02.38:613][532]LogUnrealMath:Error: FMatrix::InverseFast(), trying to invert a NIL matrix, this results in NaNs! Use Inverse() instead.
[2017.01.21-08.02.38:613][532]LogUnrealMath:Error: FMatrix::InverseFast(), trying to invert a NIL matrix, this results in NaNs! Use Inverse() instead.
[2017.01.21-08.02.38:613][532]LogUnrealMath:Error: FMatrix::InverseFast(), trying to invert a NIL matrix, this results in NaNs! Use Inverse() instead.
[2017.01.21-08.02.38:613][532]LogBlueprint:Warning: SetRelativeScale3D : Invalid Scale entered (X=-nan(ind) Y=-nan(ind) Z=70.000). Resetting to 1.f.
[2017.01.21-08.02.38:618][532]PIE: Info Play in editor start time for /Game/VirtualRealityBP/Maps/UEDPIE_0_MotionControllerMap 5.661
[2017.01.21-08.02.38:618][532]LogBlueprintUserMessages: Late PlayInEditor Detection: Level '/Game/VirtualRealityBP/Maps/MotionControllerMap.MotionControllerMap:PersistentLevel' has LevelScriptBlueprint '/Game/VirtualRealityBP/Maps/MotionControllerMap.MotionControllerMap:PersistentLevel.MotionControllerMap' with GeneratedClass '/Game/VirtualRealityBP/Maps/MotionControllerMap.MotionControllerMap_C' with ClassGeneratedBy '/Game/VirtualRealityBP/Maps/MotionControllerMap.MotionControllerMap:PersistentLevel.MotionControllerMap'
[2017.01.21-08.02.38:700][533]LogRenderer: Reallocating scene render targets to support 3024x1680 NumSamples 1 (Frame:843).
[2017.01.21-08.03.45:109][744]LogBlueprintUserMessages: Early EndPlayMap Detection: Level '/Game/VirtualRealityBP/Maps/MotionControllerMap.MotionControllerMap:PersistentLevel' has LevelScriptBlueprint '/Game/VirtualRealityBP/Maps/MotionControllerMap.MotionControllerMap:PersistentLevel.MotionControllerMap' with GeneratedClass '/Game/VirtualRealityBP/Maps/MotionControllerMap.MotionControllerMap_C' with ClassGeneratedBy '/Game/VirtualRealityBP/Maps/MotionControllerMap.MotionControllerMap:PersistentLevel.MotionControllerMap'
[2017.01.21-08.03.45:137][744]LogBlueprintUserMessages: Late EndPlayMap Detection: Level '/Game/VirtualRealityBP/Maps/MotionControllerMap.MotionControllerMap:PersistentLevel' has LevelScriptBlueprint '/Game/VirtualRealityBP/Maps/MotionControllerMap.MotionControllerMap:PersistentLevel.MotionControllerMap' with GeneratedClass '/Game/VirtualRealityBP/Maps/MotionControllerMap.MotionControllerMap_C' with ClassGeneratedBy '/Game/VirtualRealityBP/Maps/MotionControllerMap.MotionControllerMap:PersistentLevel.MotionControllerMap'
[2017.01.21-08.09.00:984][854]LogFactory: FactoryCreateFile: StaticMesh with FbxFactory (0 0 E:/Glynn/Assets/Baton.fbx)
[2017.01.21-08.09.01:128][854]LogFbx: ItemName: GlobalSettings, ItemCount : 1
[2017.01.21-08.09.01:128][854]LogFbx: ItemName: Geometry, ItemCount : 1
[2017.01.21-08.09.01:128][854]LogFbx: ItemName: Model, ItemCount : 1
[2017.01.21-08.09.01:128][854]LogFbx: ItemName: Material, ItemCount : 1
[2017.01.21-08.09.01:128][854]LogFbx: ItemName: Texture, ItemCount : 1
[2017.01.21-08.09.01:128][854]LogFbx: ItemName: Video, ItemCount : 1
[2017.01.21-08.09.01:146][854]LogFbx: Loading FBX Scene from E:/Glynn/Assets/Baton.fbx
[2017.01.21-08.09.01:174][854]LogFbx: FBX Scene Loaded Succesfully
[2017.01.21-08.09.08:603][854]LogFbx: Loading FBX Scene from E:/Glynn/Assets/Baton.fbx
[2017.01.21-08.09.08:608][854]LogFbx: FBX Scene Loaded Succesfully
[2017.01.21-08.09.08:649][854]LogLinker: Can't find file '/Game/ConductorPlayer/palette'
[2017.01.21-08.09.08:649][854]LogLinker: Can't find file '/Game/ConductorPlayer/palette'
[2017.01.21-08.09.08:658][854]LogLinker: Can't find file '/Game/ConductorPlayer/Baton'
[2017.01.21-08.09.08:681][854]LogTexture:Display: Building textures: baton2 (BGRA8)
[2017.01.21-08.09.08:684][854]LogMaterial: Missing cached shader map for material palette, compiling. 
[2017.01.21-08.09.08:736][854]LogStaticMesh: Building static mesh Baton...
[2017.01.21-08.09.08:815][854]LogStaticMesh: Built static mesh [0.08s] /Game/ConductorPlayer/Baton.Baton
[2017.01.21-08.09.08:817][854]LogStaticMesh:Warning: Baton has degenerate tangent bases which will result in incorrect shading.  MikkTSpace relies on tangent bases and may result in mesh corruption, consider disabling this option.
[2017.01.21-08.09.08:875][854]FBXImport:Warning: Warning No smoothing group information was found in this FBX scene.  Please make sure to enable the 'Export Smoothing Groups' option in the FBX Exporter plug-in before exporting the file.  Even for tools that don't support smoothing groups, the FBX Exporter will generate appropriate smoothing data at export-time so that correct vertex normals can be inferred while importing. 
[2017.01.21-08.09.08:875][854]FBXImport:Warning: Warning Baton has degenerate tangent bases which will result in incorrect shading.  MikkTSpace relies on tangent bases and may result in mesh corruption, consider disabling this option. 
[2017.01.21-08.09.16:001][250]LogTexture:Display: Building textures: SunsetAmbientCubemap (RGBA16F)
[2017.01.21-08.09.23:179][250]LogMaterial: Missing cached shader map for material M_SkyBox, compiling. 
[2017.01.21-08.09.23:501][250]LogTexture:Display: Building textures: SimplygonLogo (AutoDXT)
[2017.01.21-08.09.56:760][133]LogContentBrowser: Native class hierarchy updated for 'BlueprintGraph' in 0.0010 seconds. Added 111 classes and 0 folders.
[2017.01.21-08.09.56:826][133]LogBlueprintSupport:Warning: Editor config [EditoronlyBP] settings are DEPRECATED. You're not explicitly setting any, but they've been defaulting to off. If you are relying on this functionality, then please fix it up so your Blueprints don't break in a future release.
[2017.01.21-08.11.17:155][310]LogFactory: FactoryCreateFile: StaticMesh with FbxFactory (0 0 E:/Glynn/Assets/Baton.fbx)
[2017.01.21-08.11.17:160][310]LogFbx: ItemName: GlobalSettings, ItemCount : 1
[2017.01.21-08.11.17:160][310]LogFbx: ItemName: Geometry, ItemCount : 1
[2017.01.21-08.11.17:160][310]LogFbx: ItemName: Model, ItemCount : 1
[2017.01.21-08.11.17:160][310]LogFbx: ItemName: Material, ItemCount : 1
[2017.01.21-08.11.17:160][310]LogFbx: ItemName: Texture, ItemCount : 1
[2017.01.21-08.11.17:160][310]LogFbx: ItemName: Video, ItemCount : 1
[2017.01.21-08.11.17:164][310]LogFbx: Loading FBX Scene from E:/Glynn/Assets/Baton.fbx
[2017.01.21-08.11.17:169][310]LogFbx: FBX Scene Loaded Succesfully
[2017.01.21-08.13.53:248][379]LogFactory: FactoryCreateFile: StaticMesh with FbxFactory (0 0 E:/Glynn/Assets/Baton.fbx)
[2017.01.21-08.13.53:252][379]LogFbx: ItemName: GlobalSettings, ItemCount : 1
[2017.01.21-08.13.53:253][379]LogFbx: ItemName: NodeAttribute, ItemCount : 2
[2017.01.21-08.13.53:253][379]LogFbx: ItemName: Geometry, ItemCount : 1
[2017.01.21-08.13.53:253][379]LogFbx: ItemName: Model, ItemCount : 3
[2017.01.21-08.13.53:253][379]LogFbx: ItemName: Material, ItemCount : 1
[2017.01.21-08.13.53:253][379]LogFbx: ItemName: Texture, ItemCount : 1
[2017.01.21-08.13.53:253][379]LogFbx: ItemName: Video, ItemCount : 1
[2017.01.21-08.13.53:257][379]LogFbx: Loading FBX Scene from E:/Glynn/Assets/Baton.fbx
[2017.01.21-08.13.53:550][379]LogFbx: FBX Scene Loaded Succesfully
[2017.01.21-08.14.04:903][379]LogFbx: Loading FBX Scene from E:/Glynn/Assets/Baton.fbx
[2017.01.21-08.14.04:909][379]LogFbx: FBX Scene Loaded Succesfully
[2017.01.21-08.14.05:180][379]LogFbx: =================================================
[2017.01.21-08.14.05:180][379]LogFbx: Dumping Node START [baton] 
[2017.01.21-08.14.05:180][379]LogFbx: 	Total Deformer Count -246184192.
[2017.01.21-08.14.05:180][379]LogFbx: 	Attribute (baton) Type (4).
[2017.01.21-08.14.05:180][379]LogFbx: 		[Node Attribute Child 1] baton (Type Mesh).
[2017.01.21-08.14.05:180][379]LogFbx: Dumping Node END [baton]
[2017.01.21-08.14.05:180][379]LogFbx: =================================================
[2017.01.21-08.14.05:180][379]LogFbx: Dumping Node START [baton] 
[2017.01.21-08.14.05:180][379]LogFbx: 	Total Deformer Count -246182896.
[2017.01.21-08.14.05:180][379]LogFbx: 	Attribute (baton) Type (4).
[2017.01.21-08.14.05:180][379]LogFbx: 		[Node Attribute Child 1] baton (Type Mesh).
[2017.01.21-08.14.05:180][379]LogFbx: Dumping Node END [baton]
[2017.01.21-08.14.05:191][379]FBXImport:Warning: Warning No smoothing group information was found in this FBX scene.  Please make sure to enable the 'Export Smoothing Groups' option in the FBX Exporter plug-in before exporting the file.  Even for tools that don't support smoothing groups, the FBX Exporter will generate appropriate smoothing data at export-time so that correct vertex normals can be inferred while importing. 
[2017.01.21-08.14.05:191][379]FBXImport:Warning: Warning Same name but different class: 'Baton' already exists 
[2017.01.21-08.14.05:191][379]FBXImport:Error: Error Import failed. 
[2017.01.21-08.14.10:188][379]LogAssetTools:Warning: Failed to import 'E:/Glynn/Assets/Baton.fbx'. Failed to create asset '/Game/ConductorPlayer/Baton'.
Please see Output Log for details.
[2017.01.21-08.14.13:279][561]LogFileHelpers: Editor autosave (incl. sublevels) for '/Game/VirtualRealityBP/Maps/MotionControllerMap' took 0.020
[2017.01.21-08.14.13:552][561]OBJ SavePackage: Generating thumbnails for [1] asset(s) in package [/Game/ConductorPlayer/Baton] ([1] browsable assets)...
[2017.01.21-08.14.13:594][561]OBJ SavePackage:     Rendered thumbnail for [StaticMesh /Game/ConductorPlayer/Baton.Baton]
[2017.01.21-08.14.13:594][561]OBJ SavePackage: Finished generating thumbnails for package [/Game/ConductorPlayer/Baton]
[2017.01.21-08.14.13:608][561]LogSavePackage: Save=12.93ms
[2017.01.21-08.14.13:608][561]LogSavePackage: Moving 'C:/Users/gerards/Documents/GitHub/CosmicConductor/CosmicConductor/Saved/Baton_Auto1122046274810D47081B7E396BD9140E0.tmp' to 'C:/Users/gerards/Documents/GitHub/CosmicConductor/CosmicConductor/Saved/Autosaves/Game/ConductorPlayer/Baton_Auto1.uasset'
[2017.01.21-08.14.13:609][561]LogSavePackage:Display: Finished SavePackage C:/Users/gerards/Documents/GitHub/CosmicConductor/CosmicConductor/Saved/Autosaves/Game/ConductorPlayer/Baton_Auto1.uasset
[2017.01.21-08.14.13:609][561]OBJ SavePackage: Generating thumbnails for [1] asset(s) in package [/Game/ConductorPlayer/palette] ([1] browsable assets)...
[2017.01.21-08.14.13:621][561]OBJ SavePackage:     Rendered thumbnail for [Material /Game/ConductorPlayer/palette.palette]
[2017.01.21-08.14.13:621][561]OBJ SavePackage: Finished generating thumbnails for package [/Game/ConductorPlayer/palette]
[2017.01.21-08.14.13:644][561]LogSavePackage: Save=21.66ms
[2017.01.21-08.14.13:644][561]LogSavePackage: Moving 'C:/Users/gerards/Documents/GitHub/CosmicConductor/CosmicConductor/Saved/palette_Auto1C0B4F9D841C2305C0D05B58DAA0DCF3B.tmp' to 'C:/Users/gerards/Documents/GitHub/CosmicConductor/CosmicConductor/Saved/Autosaves/Game/ConductorPlayer/palette_Auto1.uasset'
[2017.01.21-08.14.13:645][561]LogSavePackage:Display: Finished SavePackage C:/Users/gerards/Documents/GitHub/CosmicConductor/CosmicConductor/Saved/Autosaves/Game/ConductorPlayer/palette_Auto1.uasset
[2017.01.21-08.14.13:645][561]OBJ SavePackage: Generating thumbnails for [1] asset(s) in package [/Game/ConductorPlayer/baton2] ([1] browsable assets)...
[2017.01.21-08.14.13:645][561]OBJ SavePackage:     Rendered thumbnail for [Texture2D /Game/ConductorPlayer/baton2.baton2]
[2017.01.21-08.14.13:645][561]OBJ SavePackage: Finished generating thumbnails for package [/Game/ConductorPlayer/baton2]
[2017.01.21-08.14.13:650][561]LogSavePackage: Save=3.37ms
[2017.01.21-08.14.13:650][561]LogSavePackage: Moving 'C:/Users/gerards/Documents/GitHub/CosmicConductor/CosmicConductor/Saved/baton2_Auto1EE8D6BC541C4114F181008AE17B443EE.tmp' to 'C:/Users/gerards/Documents/GitHub/CosmicConductor/CosmicConductor/Saved/Autosaves/Game/ConductorPlayer/baton2_Auto1.uasset'
[2017.01.21-08.14.13:651][561]LogSavePackage:Display: Finished SavePackage C:/Users/gerards/Documents/GitHub/CosmicConductor/CosmicConductor/Saved/Autosaves/Game/ConductorPlayer/baton2_Auto1.uasset
[2017.01.21-08.14.13:651][561]LogFileHelpers: Auto-saving content packages took 0.372
[2017.01.21-08.14.21:825][917]LogMaterial: Missing cached shader map for material palette, compiling. 
[2017.01.21-08.14.21:825][917]LogMaterial:Warning: Failed to compile Material /Game/ConductorPlayer/palette.palette for platform PCD3D_SM5, Default Material will be used in game.
[2017.01.21-08.14.21:825][917]LogMaterial:Warning: 	(Node TextureSample) TextureSample> Missing input texture
[2017.01.21-08.14.24:905][ 48]LogLinker:Warning: Can't find file '/Game/ConductorPlayer/MotionControllerMap_BuiltData'
[2017.01.21-08.14.24:905][ 48]LogLinker:Warning: Can't find file for asset '/Game/ConductorPlayer/MotionControllerMap_BuiltData' while loading C:/Users/gerards/Documents/GitHub/CosmicConductor/CosmicConductor/Content/ConductorPlayer/MotionControllerMap.umap.
[2017.01.21-08.14.24:905][ 48]LoadErrors:Error: Error /Game/ConductorPlayer/MotionControllerMap : Can't find file for asset. /Game/ConductorPlayer/MotionControllerMap_BuiltData
[2017.01.21-08.14.24:908][ 48]LogLinker:Warning: Can't find file '/Game/ConductorPlayer/MotionControllerMap_BuiltData'
[2017.01.21-08.14.24:908][ 48]LogLinker:Warning: Can't find file for asset '/Game/ConductorPlayer/MotionControllerMap_BuiltData' while loading C:/Users/gerards/Documents/GitHub/CosmicConductor/CosmicConductor/Content/ConductorPlayer/MotionControllerMap.umap.
[2017.01.21-08.14.25:179][ 48]LogLinker:Warning: Can't find file '/Game/ConductorPlayer/MotionControllerMap_BuiltData'
[2017.01.21-08.14.25:179][ 48]LogLinker:Warning: Can't find file for asset '/Game/ConductorPlayer/MotionControllerMap_BuiltData' while loading NULL.
[2017.01.21-08.14.25:179][ 48]LogLinker:Warning: Can't find file '/Game/ConductorPlayer/MotionControllerMap_BuiltData'
[2017.01.21-08.14.25:179][ 48]LogLinker:Warning: Can't find file for asset '/Game/ConductorPlayer/MotionControllerMap_BuiltData' while loading NULL.
[2017.01.21-08.14.25:187][ 48]LogLinker:Warning: Can't find file '/Game/ConductorPlayer/MotionControllerMap_BuiltData'
[2017.01.21-08.14.25:187][ 48]LoadErrors: Info Failed to load /Game/ConductorPlayer/MotionControllerMap_BuiltData.MotionControllerMap_BuiltData Referenced by PersistentLevel
[2017.01.21-08.14.25:187][ 48]LogLinker:Warning: Can't find file for asset '/Game/ConductorPlayer/MotionControllerMap_BuiltData' while loading NULL.
[2017.01.21-08.14.25:193][ 48]LogAIModule: Creating AISystem for world MotionControllerMap
[2017.01.21-08.14.28:297][ 94]LogFactory: FactoryCreateFile: StaticMesh with FbxFactory (0 0 E:/Glynn/Assets/Baton.fbx)
[2017.01.21-08.14.28:302][ 94]LogFbx: ItemName: GlobalSettings, ItemCount : 1
[2017.01.21-08.14.28:302][ 94]LogFbx: ItemName: NodeAttribute, ItemCount : 2
[2017.01.21-08.14.28:302][ 94]LogFbx: ItemName: Geometry, ItemCount : 1
[2017.01.21-08.14.28:302][ 94]LogFbx: ItemName: Model, ItemCount : 3
[2017.01.21-08.14.28:302][ 94]LogFbx: ItemName: Material, ItemCount : 1
[2017.01.21-08.14.28:302][ 94]LogFbx: ItemName: Texture, ItemCount : 1
[2017.01.21-08.14.28:302][ 94]LogFbx: ItemName: Video, ItemCount : 1
[2017.01.21-08.14.28:306][ 94]LogFbx: Loading FBX Scene from E:/Glynn/Assets/Baton.fbx
[2017.01.21-08.14.28:312][ 94]LogFbx: FBX Scene Loaded Succesfully
[2017.01.21-08.14.30:987][ 94]LogFbx: Loading FBX Scene from E:/Glynn/Assets/Baton.fbx
[2017.01.21-08.14.30:994][ 94]LogFbx: FBX Scene Loaded Succesfully
[2017.01.21-08.14.30:995][ 94]LogFbx: =================================================
[2017.01.21-08.14.30:995][ 94]LogFbx: Dumping Node START [baton] 
[2017.01.21-08.14.30:995][ 94]LogFbx: 	Total Deformer Count 563115728.
[2017.01.21-08.14.30:995][ 94]LogFbx: 	Attribute (baton) Type (4).
[2017.01.21-08.14.30:995][ 94]LogFbx: 		[Node Attribute Child 1] baton (Type Mesh).
[2017.01.21-08.14.30:995][ 94]LogFbx: Dumping Node END [baton]
[2017.01.21-08.14.30:995][ 94]LogFbx: =================================================
[2017.01.21-08.14.30:995][ 94]LogFbx: Dumping Node START [baton] 
[2017.01.21-08.14.30:995][ 94]LogFbx: 	Total Deformer Count 563111552.
[2017.01.21-08.14.30:995][ 94]LogFbx: 	Attribute (baton) Type (4).
[2017.01.21-08.14.30:995][ 94]LogFbx: 		[Node Attribute Child 1] baton (Type Mesh).
[2017.01.21-08.14.30:995][ 94]LogFbx: Dumping Node END [baton]
[2017.01.21-08.14.31:285][ 94]LogLinker: Can't find file '/Game/ConductorPlayer/palette'
[2017.01.21-08.14.31:285][ 94]LogLinker: Can't find file '/Game/ConductorPlayer/palette'
[2017.01.21-08.14.31:285][ 94]LogMaterial:Warning: Material /Game/ConductorPlayer/palette.palette needed to have new flag set bUsedWithSkeletalMesh !
[2017.01.21-08.14.31:287][ 94]LogMaterial: Missing cached shader map for material palette, compiling. 
[2017.01.21-08.14.31:315][ 94]LogMaterial: 0.00 seconds spent updating 1 materials, 1 interfaces, 0 instances, 0 with static permutations.
[2017.01.21-08.14.31:316][ 94]LogLinker: Can't find file '/Game/ConductorPlayer/Baton'
[2017.01.21-08.14.31:318][ 94]LogTexture:Display: Building textures: baton (BGRA8)
[2017.01.21-08.14.31:323][ 94]LogMaterial: Missing cached shader map for material palette, compiling. 
[2017.01.21-08.14.31:388][ 94]LogWindows: Windows GetLastError: The operation completed successfully. (0)
[2017.01.21-08.14.31:895][ 94]LogCrashTracker: 


[2017.01.21-08.14.31:895][ 94]LogCrashTracker: 


[2017.01.21-08.14.31:895][ 94]LogWindows:Error: === Critical error: ===
[2017.01.21-08.14.31:895][ 94]LogWindows:Error: 
[2017.01.21-08.14.31:895][ 94]LogWindows:Error: Fatal error: [File:D:\Build\++UE4+Release-4.14+Compile\Sync\Engine\Source\Runtime\CoreUObject\Private\UObject\UObjectGlobals.cpp] [Line: 2299] 
[2017.01.21-08.14.31:895][ 94]LogWindows:Error: Objects have the same fully qualified name but different paths.
[2017.01.21-08.14.31:895][ 94]LogWindows:Error: 	New Object: SkeletalMesh /Game/ConductorPlayer/Baton.Baton
[2017.01.21-08.14.31:895][ 94]LogWindows:Error: 	Existing Object: Texture2D /Game/ConductorPlayer/Baton.baton
[2017.01.21-08.14.31:895][ 94]LogWindows:Error: 
[2017.01.21-08.14.31:895][ 94]LogWindows:Error: 
[2017.01.21-08.14.31:895][ 94]LogWindows:Error: KERNELBASE.dll
[2017.01.21-08.14.31:895][ 94]LogWindows:Error: UE4Editor-Core.dll
[2017.01.21-08.14.31:895][ 94]LogWindows:Error: UE4Editor-Core.dll
[2017.01.21-08.14.31:895][ 94]LogWindows:Error: UE4Editor-Core.dll
[2017.01.21-08.14.31:895][ 94]LogWindows:Error: UE4Editor-CoreUObject.dll
[2017.01.21-08.14.31:895][ 94]LogWindows:Error: UE4Editor-CoreUObject.dll
[2017.01.21-08.14.31:895][ 94]LogWindows:Error: UE4Editor-UnrealEd.dll
[2017.01.21-08.14.31:895][ 94]LogWindows:Error: UE4Editor-UnrealEd.dll
[2017.01.21-08.14.31:895][ 94]LogWindows:Error: UE4Editor-UnrealEd.dll
[2017.01.21-08.14.31:895][ 94]LogWindows:Error: UE4Editor-UnrealEd.dll
[2017.01.21-08.14.31:895][ 94]LogWindows:Error: UE4Editor-UnrealEd.dll
[2017.01.21-08.14.31:895][ 94]LogWindows:Error: UE4Editor-AssetTools.dll
[2017.01.21-08.14.31:895][ 94]LogWindows:Error: UE4Editor-AssetTools.dll
[2017.01.21-08.14.31:895][ 94]LogWindows:Error: UE4Editor-AssetTools.dll
[2017.01.21-08.14.31:895][ 94]LogWindows:Error: UE4Editor-ContentBrowser.dll
[2017.01.21-08.14.31:895][ 94]LogWindows:Error: UE4Editor-ContentBrowser.dll
[2017.01.21-08.14.31:895][ 94]LogWindows:Error: UE4Editor-ContentBrowser.dll
[2017.01.21-08.14.31:895][ 94]LogWindows:Error: UE4Editor-ContentBrowser.dll
[2017.01.21-08.14.31:895][ 94]LogWindows:Error: UE4Editor-ContentBrowser.dll
[2017.01.21-08.14.31:895][ 94]LogWindows:Error: UE4Editor-Slate.dll
[2017.01.21-08.14.31:895][ 94]LogWindows:Error: UE4Editor-Slate.dll
[2017.01.21-08.14.31:895][ 94]LogWindows:Error: UE4Editor-Slate.dll
[2017.01.21-08.14.31:895][ 94]LogWindows:Error: UE4Editor-Slate.dll
[2017.01.21-08.14.31:895][ 94]LogWindows:Error: UE4Editor-Slate.dll
[2017.01.21-08.14.31:895][ 94]LogWindows:Error: UE4Editor-Slate.dll
[2017.01.21-08.14.31:895][ 94]LogWindows:Error: UE4Editor-Slate.dll
[2017.01.21-08.14.31:895][ 94]LogWindows:Error: UE4Editor-Core.dll
[2017.01.21-08.14.31:895][ 94]LogWindows:Error: UE4Editor-Core.dll
[2017.01.21-08.14.31:896][ 94]LogWindows:Error: UE4Editor-Core.dll
[2017.01.21-08.14.31:896][ 94]LogWindows:Error: UE4Editor-Core.dll
[2017.01.21-08.14.31:896][ 94]LogWindows:Error: USER32.dll
[2017.01.21-08.14.31:896][ 94]LogWindows:Error: USER32.dll
[2017.01.21-08.14.31:896][ 94]LogWindows:Error: UE4Editor-Core.dll
[2017.01.21-08.14.31:896][ 94]LogWindows:Error: UE4Editor.exe
[2017.01.21-08.14.31:896][ 94]LogWindows:Error: UE4Editor.exe
[2017.01.21-08.14.31:896][ 94]LogWindows:Error: UE4Editor.exe
[2017.01.21-08.14.31:896][ 94]LogWindows:Error: UE4Editor.exe
[2017.01.21-08.14.31:896][ 94]LogWindows:Error: UE4Editor.exe
[2017.01.21-08.14.31:896][ 94]LogWindows:Error: KERNEL32.DLL
[2017.01.21-08.14.31:896][ 94]LogWindows:Error: ntdll.dll
[2017.01.21-08.14.31:896][ 94]LogWindows:Error: ntdll.dll
[2017.01.21-08.14.31:896][ 94]LogWindows:Error: 
[2017.01.21-08.14.31:941][ 94]LogExit: Executing StaticShutdownAfterError
[2017.01.21-08.14.31:944][ 94]LogWindows: FPlatformMisc::RequestExit(1)
[2017.01.21-08.14.31:944][ 94]Log file closed, 01/21/17 10:14:31
